{"C:\\Users\\beebe\\Downloads\\404_found_us-main\\frontend\\src\\App.js": {"path":"C:\\Users\\beebe\\Downloads\\404_found_us-main\\frontend\\src\\App.js","statementMap":{"0":{"start":{"line":8,"column":40},"end":{"line":8,"column":59}},"1":{"start":{"line":10,"column":25},"end":{"line":12,"column":3}},"2":{"start":{"line":11,"column":4},"end":{"line":11,"column":25}},"3":{"start":{"line":14,"column":30},"end":{"line":16,"column":3}},"4":{"start":{"line":15,"column":4},"end":{"line":15,"column":30}},"5":{"start":{"line":19,"column":2},"end":{"line":21,"column":3}},"6":{"start":{"line":20,"column":4},"end":{"line":20,"column":55}},"7":{"start":{"line":24,"column":2},"end":{"line":33,"column":4}}},"fnMap":{"0":{"name":"App","decl":{"start":{"line":7,"column":9},"end":{"line":7,"column":12}},"loc":{"start":{"line":7,"column":15},"end":{"line":34,"column":1}},"line":7},"1":{"name":"(anonymous_1)","decl":{"start":{"line":10,"column":25},"end":{"line":10,"column":26}},"loc":{"start":{"line":10,"column":35},"end":{"line":12,"column":3}},"line":10},"2":{"name":"(anonymous_2)","decl":{"start":{"line":14,"column":30},"end":{"line":14,"column":31}},"loc":{"start":{"line":14,"column":36},"end":{"line":16,"column":3}},"line":14}},"branchMap":{"0":{"loc":{"start":{"line":19,"column":2},"end":{"line":21,"column":3}},"type":"if","locations":[{"start":{"line":19,"column":2},"end":{"line":21,"column":3}},{"start":{},"end":{}}],"line":19},"1":{"loc":{"start":{"line":26,"column":7},"end":{"line":28,"column":7}},"type":"binary-expr","locations":[{"start":{"line":26,"column":7},"end":{"line":26,"column":38}},{"start":{"line":27,"column":8},"end":{"line":27,"column":79}}],"line":26},"2":{"loc":{"start":{"line":29,"column":7},"end":{"line":31,"column":7}},"type":"binary-expr","locations":[{"start":{"line":29,"column":7},"end":{"line":29,"column":39}},{"start":{"line":30,"column":8},"end":{"line":30,"column":73}}],"line":29}},"s":{"0":0,"1":0,"2":0,"3":0,"4":0,"5":0,"6":0,"7":0},"f":{"0":0,"1":0,"2":0},"b":{"0":[0,0],"1":[0,0],"2":[0,0]}}
,"C:\\Users\\beebe\\Downloads\\404_found_us-main\\frontend\\src\\index.js": {"path":"C:\\Users\\beebe\\Downloads\\404_found_us-main\\frontend\\src\\index.js","statementMap":{"0":{"start":{"line":6,"column":13},"end":{"line":6,"column":65}},"1":{"start":{"line":7,"column":0},"end":{"line":11,"column":2}}},"fnMap":{},"branchMap":{},"s":{"0":0,"1":0},"f":{},"b":{}}
,"C:\\Users\\beebe\\Downloads\\404_found_us-main\\frontend\\src\\components\\DataUploadValidator.jsx": {"path":"C:\\Users\\beebe\\Downloads\\404_found_us-main\\frontend\\src\\components\\DataUploadValidator.jsx","statementMap":{"0":{"start":{"line":6,"column":28},"end":{"line":468,"column":1}},"1":{"start":{"line":7,"column":38},"end":{"line":7,"column":53}},"2":{"start":{"line":8,"column":34},"end":{"line":8,"column":46}},"3":{"start":{"line":9,"column":42},"end":{"line":9,"column":57}},"4":{"start":{"line":10,"column":50},"end":{"line":10,"column":62}},"5":{"start":{"line":11,"column":36},"end":{"line":11,"column":48}},"6":{"start":{"line":12,"column":40},"end":{"line":12,"column":52}},"7":{"start":{"line":13,"column":40},"end":{"line":13,"column":55}},"8":{"start":{"line":14,"column":34},"end":{"line":14,"column":46}},"9":{"start":{"line":16,"column":26},"end":{"line":16,"column":122}},"10":{"start":{"line":18,"column":33},"end":{"line":35,"column":3}},"11":{"start":{"line":19,"column":20},"end":{"line":19,"column":45}},"12":{"start":{"line":20,"column":23},"end":{"line":20,"column":30}},"13":{"start":{"line":22,"column":17},"end":{"line":22,"column":76}},"14":{"start":{"line":23,"column":17},"end":{"line":23,"column":44}},"15":{"start":{"line":24,"column":16},"end":{"line":24,"column":41}},"16":{"start":{"line":26,"column":4},"end":{"line":26,"column":35}},"17":{"start":{"line":27,"column":4},"end":{"line":27,"column":62}},"18":{"start":{"line":28,"column":4},"end":{"line":28,"column":37}},"19":{"start":{"line":30,"column":4},"end":{"line":30,"column":36}},"20":{"start":{"line":31,"column":4},"end":{"line":31,"column":17}},"21":{"start":{"line":32,"column":4},"end":{"line":32,"column":36}},"22":{"start":{"line":34,"column":4},"end":{"line":34,"column":29}},"23":{"start":{"line":37,"column":21},"end":{"line":45,"column":3}},"24":{"start":{"line":38,"column":4},"end":{"line":38,"column":23}},"25":{"start":{"line":39,"column":4},"end":{"line":39,"column":24}},"26":{"start":{"line":40,"column":4},"end":{"line":44,"column":5}},"27":{"start":{"line":41,"column":6},"end":{"line":41,"column":26}},"28":{"start":{"line":42,"column":11},"end":{"line":44,"column":5}},"29":{"start":{"line":43,"column":6},"end":{"line":43,"column":27}},"30":{"start":{"line":47,"column":23},"end":{"line":86,"column":3}},"31":{"start":{"line":48,"column":4},"end":{"line":48,"column":31}},"32":{"start":{"line":48,"column":18},"end":{"line":48,"column":31}},"33":{"start":{"line":50,"column":20},"end":{"line":50,"column":34}},"34":{"start":{"line":54,"column":4},"end":{"line":74,"column":5}},"35":{"start":{"line":56,"column":33},"end":{"line":56,"column":51}},"36":{"start":{"line":57,"column":6},"end":{"line":57,"column":80}},"37":{"start":{"line":58,"column":11},"end":{"line":74,"column":5}},"38":{"start":{"line":60,"column":33},"end":{"line":60,"column":51}},"39":{"start":{"line":61,"column":6},"end":{"line":61,"column":80}},"40":{"start":{"line":62,"column":11},"end":{"line":74,"column":5}},"41":{"start":{"line":64,"column":33},"end":{"line":64,"column":51}},"42":{"start":{"line":65,"column":6},"end":{"line":65,"column":80}},"43":{"start":{"line":66,"column":11},"end":{"line":74,"column":5}},"44":{"start":{"line":68,"column":18},"end":{"line":68,"column":41}},"45":{"start":{"line":69,"column":20},"end":{"line":69,"column":43}},"46":{"start":{"line":70,"column":19},"end":{"line":70,"column":42}},"47":{"start":{"line":71,"column":6},"end":{"line":71,"column":80}},"48":{"start":{"line":73,"column":6},"end":{"line":73,"column":19}},"49":{"start":{"line":77,"column":4},"end":{"line":79,"column":5}},"50":{"start":{"line":78,"column":6},"end":{"line":78,"column":19}},"51":{"start":{"line":82,"column":18},"end":{"line":82,"column":28}},"52":{"start":{"line":83,"column":4},"end":{"line":83,"column":36}},"53":{"start":{"line":85,"column":4},"end":{"line":85,"column":31}},"54":{"start":{"line":88,"column":25},"end":{"line":91,"column":3}},"55":{"start":{"line":89,"column":16},"end":{"line":89,"column":34}},"56":{"start":{"line":90,"column":4},"end":{"line":90,"column":51}},"57":{"start":{"line":93,"column":31},"end":{"line":196,"column":3}},"58":{"start":{"line":97,"column":4},"end":{"line":103,"column":5}},"59":{"start":{"line":98,"column":6},"end":{"line":98,"column":60}},"60":{"start":{"line":98,"column":47},"end":{"line":98,"column":58}},"61":{"start":{"line":99,"column":11},"end":{"line":103,"column":5}},"62":{"start":{"line":100,"column":6},"end":{"line":100,"column":20}},"63":{"start":{"line":102,"column":6},"end":{"line":102,"column":108}},"64":{"start":{"line":105,"column":4},"end":{"line":107,"column":5}},"65":{"start":{"line":106,"column":6},"end":{"line":106,"column":102}},"66":{"start":{"line":110,"column":18},"end":{"line":110,"column":20}},"67":{"start":{"line":111,"column":4},"end":{"line":115,"column":5}},"68":{"start":{"line":112,"column":6},"end":{"line":112,"column":69}},"69":{"start":{"line":112,"column":45},"end":{"line":112,"column":67}},"70":{"start":{"line":113,"column":11},"end":{"line":115,"column":5}},"71":{"start":{"line":114,"column":6},"end":{"line":114,"column":66}},"72":{"start":{"line":114,"column":34},"end":{"line":114,"column":64}},"73":{"start":{"line":117,"column":27},"end":{"line":117,"column":80}},"74":{"start":{"line":117,"column":57},"end":{"line":117,"column":79}},"75":{"start":{"line":118,"column":4},"end":{"line":128,"column":5}},"76":{"start":{"line":119,"column":6},"end":{"line":127,"column":8}},"77":{"start":{"line":130,"column":19},"end":{"line":130,"column":21}},"78":{"start":{"line":131,"column":17},"end":{"line":131,"column":19}},"79":{"start":{"line":132,"column":27},"end":{"line":132,"column":36}},"80":{"start":{"line":134,"column":4},"end":{"line":193,"column":5}},"81":{"start":{"line":134,"column":17},"end":{"line":134,"column":18}},"82":{"start":{"line":137,"column":6},"end":{"line":143,"column":7}},"83":{"start":{"line":138,"column":8},"end":{"line":138,"column":56}},"84":{"start":{"line":138,"column":46},"end":{"line":138,"column":54}},"85":{"start":{"line":139,"column":13},"end":{"line":143,"column":7}},"86":{"start":{"line":140,"column":8},"end":{"line":140,"column":53}},"87":{"start":{"line":140,"column":35},"end":{"line":140,"column":51}},"88":{"start":{"line":142,"column":8},"end":{"line":142,"column":17}},"89":{"start":{"line":145,"column":18},"end":{"line":145,"column":20}},"90":{"start":{"line":147,"column":6},"end":{"line":149,"column":9}},"91":{"start":{"line":148,"column":8},"end":{"line":148,"column":42}},"92":{"start":{"line":151,"column":6},"end":{"line":159,"column":9}},"93":{"start":{"line":152,"column":8},"end":{"line":158,"column":9}},"94":{"start":{"line":153,"column":10},"end":{"line":157,"column":13}},"95":{"start":{"line":162,"column":6},"end":{"line":172,"column":7}},"96":{"start":{"line":163,"column":8},"end":{"line":171,"column":9}},"97":{"start":{"line":164,"column":10},"end":{"line":168,"column":13}},"98":{"start":{"line":170,"column":10},"end":{"line":170,"column":52}},"99":{"start":{"line":174,"column":6},"end":{"line":180,"column":7}},"100":{"start":{"line":175,"column":8},"end":{"line":179,"column":11}},"101":{"start":{"line":182,"column":6},"end":{"line":188,"column":7}},"102":{"start":{"line":183,"column":8},"end":{"line":187,"column":11}},"103":{"start":{"line":190,"column":6},"end":{"line":192,"column":7}},"104":{"start":{"line":190,"column":29},"end":{"line":190,"column":40}},"105":{"start":{"line":191,"column":8},"end":{"line":191,"column":23}},"106":{"start":{"line":195,"column":4},"end":{"line":195,"column":56}},"107":{"start":{"line":198,"column":21},"end":{"line":269,"column":3}},"108":{"start":{"line":200,"column":18},"end":{"line":200,"column":72}},"109":{"start":{"line":201,"column":20},"end":{"line":204,"column":46}},"110":{"start":{"line":206,"column":4},"end":{"line":211,"column":5}},"111":{"start":{"line":207,"column":6},"end":{"line":207,"column":96}},"112":{"start":{"line":208,"column":6},"end":{"line":208,"column":22}},"113":{"start":{"line":209,"column":6},"end":{"line":209,"column":30}},"114":{"start":{"line":210,"column":6},"end":{"line":210,"column":13}},"115":{"start":{"line":213,"column":4},"end":{"line":213,"column":21}},"116":{"start":{"line":214,"column":4},"end":{"line":214,"column":28}},"117":{"start":{"line":215,"column":4},"end":{"line":215,"column":27}},"118":{"start":{"line":216,"column":4},"end":{"line":216,"column":26}},"119":{"start":{"line":218,"column":4},"end":{"line":268,"column":5}},"120":{"start":{"line":221,"column":6},"end":{"line":250,"column":7}},"121":{"start":{"line":223,"column":28},"end":{"line":223,"column":52}},"122":{"start":{"line":224,"column":25},"end":{"line":224,"column":66}},"123":{"start":{"line":225,"column":26},"end":{"line":225,"column":65}},"124":{"start":{"line":226,"column":25},"end":{"line":226,"column":60}},"125":{"start":{"line":230,"column":21},"end":{"line":230,"column":23}},"126":{"start":{"line":231,"column":8},"end":{"line":243,"column":9}},"127":{"start":{"line":233,"column":26},"end":{"line":233,"column":50}},"128":{"start":{"line":234,"column":10},"end":{"line":234,"column":29}},"129":{"start":{"line":237,"column":10},"end":{"line":242,"column":13}},"130":{"start":{"line":238,"column":27},"end":{"line":240,"column":13}},"131":{"start":{"line":239,"column":14},"end":{"line":239,"column":59}},"132":{"start":{"line":241,"column":12},"end":{"line":241,"column":30}},"133":{"start":{"line":245,"column":8},"end":{"line":245,"column":48}},"134":{"start":{"line":248,"column":21},"end":{"line":248,"column":38}},"135":{"start":{"line":249,"column":8},"end":{"line":249,"column":48}},"136":{"start":{"line":252,"column":6},"end":{"line":262,"column":7}},"137":{"start":{"line":254,"column":8},"end":{"line":254,"column":53}},"138":{"start":{"line":255,"column":8},"end":{"line":255,"column":37}},"139":{"start":{"line":256,"column":8},"end":{"line":256,"column":29}},"140":{"start":{"line":257,"column":8},"end":{"line":257,"column":32}},"141":{"start":{"line":259,"column":8},"end":{"line":259,"column":47}},"142":{"start":{"line":260,"column":8},"end":{"line":260,"column":30}},"143":{"start":{"line":261,"column":8},"end":{"line":261,"column":119}},"144":{"start":{"line":264,"column":6},"end":{"line":264,"column":89}},"145":{"start":{"line":265,"column":6},"end":{"line":265,"column":30}},"146":{"start":{"line":267,"column":6},"end":{"line":267,"column":29}},"147":{"start":{"line":271,"column":21},"end":{"line":279,"column":3}},"148":{"start":{"line":272,"column":4},"end":{"line":272,"column":23}},"149":{"start":{"line":273,"column":4},"end":{"line":273,"column":24}},"150":{"start":{"line":274,"column":4},"end":{"line":274,"column":25}},"151":{"start":{"line":276,"column":4},"end":{"line":278,"column":5}},"152":{"start":{"line":277,"column":6},"end":{"line":277,"column":42}},"153":{"start":{"line":281,"column":23},"end":{"line":286,"column":3}},"154":{"start":{"line":282,"column":4},"end":{"line":282,"column":23}},"155":{"start":{"line":283,"column":4},"end":{"line":285,"column":5}},"156":{"start":{"line":284,"column":6},"end":{"line":284,"column":36}},"157":{"start":{"line":288,"column":24},"end":{"line":296,"column":3}},"158":{"start":{"line":289,"column":4},"end":{"line":295,"column":5}},"159":{"start":{"line":290,"column":6},"end":{"line":290,"column":37}},"160":{"start":{"line":292,"column":6},"end":{"line":294,"column":7}},"161":{"start":{"line":293,"column":8},"end":{"line":293,"column":31}},"162":{"start":{"line":298,"column":25},"end":{"line":305,"column":3}},"163":{"start":{"line":299,"column":4},"end":{"line":299,"column":20}},"164":{"start":{"line":300,"column":4},"end":{"line":300,"column":21}},"165":{"start":{"line":301,"column":4},"end":{"line":301,"column":28}},"166":{"start":{"line":302,"column":4},"end":{"line":302,"column":26}},"167":{"start":{"line":303,"column":4},"end":{"line":303,"column":23}},"168":{"start":{"line":304,"column":4},"end":{"line":304,"column":20}},"169":{"start":{"line":307,"column":2},"end":{"line":467,"column":4}},"170":{"start":{"line":316,"column":33},"end":{"line":316,"column":49}},"171":{"start":{"line":381,"column":26},"end":{"line":381,"column":46}},"172":{"start":{"line":382,"column":26},"end":{"line":382,"column":51}},"173":{"start":{"line":409,"column":20},"end":{"line":411,"column":25}},"174":{"start":{"line":417,"column":18},"end":{"line":423,"column":23}},"175":{"start":{"line":419,"column":22},"end":{"line":421,"column":27}},"176":{"start":{"line":459,"column":14},"end":{"line":461,"column":20}}},"fnMap":{"0":{"name":"(anonymous_0)","decl":{"start":{"line":6,"column":28},"end":{"line":6,"column":29}},"loc":{"start":{"line":6,"column":74},"end":{"line":468,"column":1}},"line":6},"1":{"name":"(anonymous_1)","decl":{"start":{"line":18,"column":33},"end":{"line":18,"column":34}},"loc":{"start":{"line":18,"column":39},"end":{"line":35,"column":3}},"line":18},"2":{"name":"(anonymous_2)","decl":{"start":{"line":37,"column":21},"end":{"line":37,"column":22}},"loc":{"start":{"line":37,"column":28},"end":{"line":45,"column":3}},"line":37},"3":{"name":"(anonymous_3)","decl":{"start":{"line":47,"column":23},"end":{"line":47,"column":24}},"loc":{"start":{"line":47,"column":36},"end":{"line":86,"column":3}},"line":47},"4":{"name":"(anonymous_4)","decl":{"start":{"line":88,"column":25},"end":{"line":88,"column":26}},"loc":{"start":{"line":88,"column":37},"end":{"line":91,"column":3}},"line":88},"5":{"name":"(anonymous_5)","decl":{"start":{"line":93,"column":31},"end":{"line":93,"column":32}},"loc":{"start":{"line":93,"column":42},"end":{"line":196,"column":3}},"line":93},"6":{"name":"(anonymous_6)","decl":{"start":{"line":98,"column":39},"end":{"line":98,"column":40}},"loc":{"start":{"line":98,"column":47},"end":{"line":98,"column":58}},"line":98},"7":{"name":"(anonymous_7)","decl":{"start":{"line":112,"column":40},"end":{"line":112,"column":41}},"loc":{"start":{"line":112,"column":45},"end":{"line":112,"column":67}},"line":112},"8":{"name":"(anonymous_8)","decl":{"start":{"line":114,"column":29},"end":{"line":114,"column":30}},"loc":{"start":{"line":114,"column":34},"end":{"line":114,"column":64}},"line":114},"9":{"name":"(anonymous_9)","decl":{"start":{"line":117,"column":50},"end":{"line":117,"column":51}},"loc":{"start":{"line":117,"column":57},"end":{"line":117,"column":79}},"line":117},"10":{"name":"(anonymous_10)","decl":{"start":{"line":138,"column":41},"end":{"line":138,"column":42}},"loc":{"start":{"line":138,"column":46},"end":{"line":138,"column":54}},"line":138},"11":{"name":"(anonymous_11)","decl":{"start":{"line":140,"column":30},"end":{"line":140,"column":31}},"loc":{"start":{"line":140,"column":35},"end":{"line":140,"column":51}},"line":140},"12":{"name":"(anonymous_12)","decl":{"start":{"line":147,"column":22},"end":{"line":147,"column":23}},"loc":{"start":{"line":147,"column":41},"end":{"line":149,"column":7}},"line":147},"13":{"name":"(anonymous_13)","decl":{"start":{"line":151,"column":30},"end":{"line":151,"column":31}},"loc":{"start":{"line":151,"column":37},"end":{"line":159,"column":7}},"line":151},"14":{"name":"(anonymous_14)","decl":{"start":{"line":190,"column":24},"end":{"line":190,"column":25}},"loc":{"start":{"line":190,"column":29},"end":{"line":190,"column":40}},"line":190},"15":{"name":"(anonymous_15)","decl":{"start":{"line":198,"column":21},"end":{"line":198,"column":22}},"loc":{"start":{"line":198,"column":37},"end":{"line":269,"column":3}},"line":198},"16":{"name":"(anonymous_16)","decl":{"start":{"line":237,"column":27},"end":{"line":237,"column":28}},"loc":{"start":{"line":237,"column":36},"end":{"line":242,"column":11}},"line":237},"17":{"name":"(anonymous_17)","decl":{"start":{"line":238,"column":39},"end":{"line":238,"column":40}},"loc":{"start":{"line":239,"column":14},"end":{"line":239,"column":59}},"line":239},"18":{"name":"(anonymous_18)","decl":{"start":{"line":271,"column":21},"end":{"line":271,"column":22}},"loc":{"start":{"line":271,"column":28},"end":{"line":279,"column":3}},"line":271},"19":{"name":"(anonymous_19)","decl":{"start":{"line":281,"column":23},"end":{"line":281,"column":24}},"loc":{"start":{"line":281,"column":30},"end":{"line":286,"column":3}},"line":281},"20":{"name":"(anonymous_20)","decl":{"start":{"line":288,"column":24},"end":{"line":288,"column":25}},"loc":{"start":{"line":288,"column":30},"end":{"line":296,"column":3}},"line":288},"21":{"name":"(anonymous_21)","decl":{"start":{"line":298,"column":25},"end":{"line":298,"column":26}},"loc":{"start":{"line":298,"column":31},"end":{"line":305,"column":3}},"line":298},"22":{"name":"(anonymous_22)","decl":{"start":{"line":316,"column":27},"end":{"line":316,"column":28}},"loc":{"start":{"line":316,"column":33},"end":{"line":316,"column":49}},"line":316},"23":{"name":"(anonymous_23)","decl":{"start":{"line":380,"column":33},"end":{"line":380,"column":34}},"loc":{"start":{"line":380,"column":40},"end":{"line":383,"column":25}},"line":380},"24":{"name":"(anonymous_24)","decl":{"start":{"line":408,"column":39},"end":{"line":408,"column":40}},"loc":{"start":{"line":409,"column":20},"end":{"line":411,"column":25}},"line":409},"25":{"name":"(anonymous_25)","decl":{"start":{"line":416,"column":33},"end":{"line":416,"column":34}},"loc":{"start":{"line":417,"column":18},"end":{"line":423,"column":23}},"line":417},"26":{"name":"(anonymous_26)","decl":{"start":{"line":418,"column":41},"end":{"line":418,"column":42}},"loc":{"start":{"line":419,"column":22},"end":{"line":421,"column":27}},"line":419},"27":{"name":"(anonymous_27)","decl":{"start":{"line":458,"column":34},"end":{"line":458,"column":35}},"loc":{"start":{"line":459,"column":14},"end":{"line":461,"column":20}},"line":459}},"branchMap":{"0":{"loc":{"start":{"line":40,"column":4},"end":{"line":44,"column":5}},"type":"if","locations":[{"start":{"line":40,"column":4},"end":{"line":44,"column":5}},{"start":{"line":42,"column":11},"end":{"line":44,"column":5}}],"line":40},"1":{"loc":{"start":{"line":40,"column":8},"end":{"line":40,"column":55}},"type":"binary-expr","locations":[{"start":{"line":40,"column":8},"end":{"line":40,"column":30}},{"start":{"line":40,"column":34},"end":{"line":40,"column":55}}],"line":40},"2":{"loc":{"start":{"line":42,"column":11},"end":{"line":44,"column":5}},"type":"if","locations":[{"start":{"line":42,"column":11},"end":{"line":44,"column":5}},{"start":{},"end":{}}],"line":42},"3":{"loc":{"start":{"line":48,"column":4},"end":{"line":48,"column":31}},"type":"if","locations":[{"start":{"line":48,"column":4},"end":{"line":48,"column":31}},{"start":{},"end":{}}],"line":48},"4":{"loc":{"start":{"line":54,"column":4},"end":{"line":74,"column":5}},"type":"if","locations":[{"start":{"line":54,"column":4},"end":{"line":74,"column":5}},{"start":{"line":58,"column":11},"end":{"line":74,"column":5}}],"line":54},"5":{"loc":{"start":{"line":58,"column":11},"end":{"line":74,"column":5}},"type":"if","locations":[{"start":{"line":58,"column":11},"end":{"line":74,"column":5}},{"start":{"line":62,"column":11},"end":{"line":74,"column":5}}],"line":58},"6":{"loc":{"start":{"line":62,"column":11},"end":{"line":74,"column":5}},"type":"if","locations":[{"start":{"line":62,"column":11},"end":{"line":74,"column":5}},{"start":{"line":66,"column":11},"end":{"line":74,"column":5}}],"line":62},"7":{"loc":{"start":{"line":66,"column":11},"end":{"line":74,"column":5}},"type":"if","locations":[{"start":{"line":66,"column":11},"end":{"line":74,"column":5}},{"start":{"line":72,"column":11},"end":{"line":74,"column":5}}],"line":66},"8":{"loc":{"start":{"line":77,"column":4},"end":{"line":79,"column":5}},"type":"if","locations":[{"start":{"line":77,"column":4},"end":{"line":79,"column":5}},{"start":{},"end":{}}],"line":77},"9":{"loc":{"start":{"line":77,"column":8},"end":{"line":77,"column":68}},"type":"binary-expr","locations":[{"start":{"line":77,"column":8},"end":{"line":77,"column":37}},{"start":{"line":77,"column":41},"end":{"line":77,"column":68}}],"line":77},"10":{"loc":{"start":{"line":90,"column":11},"end":{"line":90,"column":50}},"type":"binary-expr","locations":[{"start":{"line":90,"column":11},"end":{"line":90,"column":22}},{"start":{"line":90,"column":26},"end":{"line":90,"column":39}},{"start":{"line":90,"column":43},"end":{"line":90,"column":50}}],"line":90},"11":{"loc":{"start":{"line":97,"column":4},"end":{"line":103,"column":5}},"type":"if","locations":[{"start":{"line":97,"column":4},"end":{"line":103,"column":5}},{"start":{"line":99,"column":11},"end":{"line":103,"column":5}}],"line":97},"12":{"loc":{"start":{"line":99,"column":11},"end":{"line":103,"column":5}},"type":"if","locations":[{"start":{"line":99,"column":11},"end":{"line":103,"column":5}},{"start":{"line":101,"column":11},"end":{"line":103,"column":5}}],"line":99},"13":{"loc":{"start":{"line":105,"column":4},"end":{"line":107,"column":5}},"type":"if","locations":[{"start":{"line":105,"column":4},"end":{"line":107,"column":5}},{"start":{},"end":{}}],"line":105},"14":{"loc":{"start":{"line":111,"column":4},"end":{"line":115,"column":5}},"type":"if","locations":[{"start":{"line":111,"column":4},"end":{"line":115,"column":5}},{"start":{"line":113,"column":11},"end":{"line":115,"column":5}}],"line":111},"15":{"loc":{"start":{"line":113,"column":11},"end":{"line":115,"column":5}},"type":"if","locations":[{"start":{"line":113,"column":11},"end":{"line":115,"column":5}},{"start":{},"end":{}}],"line":113},"16":{"loc":{"start":{"line":118,"column":4},"end":{"line":128,"column":5}},"type":"if","locations":[{"start":{"line":118,"column":4},"end":{"line":128,"column":5}},{"start":{},"end":{}}],"line":118},"17":{"loc":{"start":{"line":137,"column":6},"end":{"line":143,"column":7}},"type":"if","locations":[{"start":{"line":137,"column":6},"end":{"line":143,"column":7}},{"start":{"line":139,"column":13},"end":{"line":143,"column":7}}],"line":137},"18":{"loc":{"start":{"line":139,"column":13},"end":{"line":143,"column":7}},"type":"if","locations":[{"start":{"line":139,"column":13},"end":{"line":143,"column":7}},{"start":{"line":141,"column":13},"end":{"line":143,"column":7}}],"line":139},"19":{"loc":{"start":{"line":148,"column":22},"end":{"line":148,"column":41}},"type":"binary-expr","locations":[{"start":{"line":148,"column":22},"end":{"line":148,"column":35}},{"start":{"line":148,"column":39},"end":{"line":148,"column":41}}],"line":148},"20":{"loc":{"start":{"line":152,"column":8},"end":{"line":158,"column":9}},"type":"if","locations":[{"start":{"line":152,"column":8},"end":{"line":158,"column":9}},{"start":{},"end":{}}],"line":152},"21":{"loc":{"start":{"line":152,"column":12},"end":{"line":152,"column":40}},"type":"binary-expr","locations":[{"start":{"line":152,"column":12},"end":{"line":152,"column":21}},{"start":{"line":152,"column":25},"end":{"line":152,"column":40}}],"line":152},"22":{"loc":{"start":{"line":162,"column":6},"end":{"line":172,"column":7}},"type":"if","locations":[{"start":{"line":162,"column":6},"end":{"line":172,"column":7}},{"start":{},"end":{}}],"line":162},"23":{"loc":{"start":{"line":163,"column":8},"end":{"line":171,"column":9}},"type":"if","locations":[{"start":{"line":163,"column":8},"end":{"line":171,"column":9}},{"start":{"line":169,"column":15},"end":{"line":171,"column":9}}],"line":163},"24":{"loc":{"start":{"line":174,"column":6},"end":{"line":180,"column":7}},"type":"if","locations":[{"start":{"line":174,"column":6},"end":{"line":180,"column":7}},{"start":{},"end":{}}],"line":174},"25":{"loc":{"start":{"line":174,"column":10},"end":{"line":174,"column":75}},"type":"binary-expr","locations":[{"start":{"line":174,"column":10},"end":{"line":174,"column":33}},{"start":{"line":174,"column":37},"end":{"line":174,"column":75}}],"line":174},"26":{"loc":{"start":{"line":182,"column":6},"end":{"line":188,"column":7}},"type":"if","locations":[{"start":{"line":182,"column":6},"end":{"line":188,"column":7}},{"start":{},"end":{}}],"line":182},"27":{"loc":{"start":{"line":182,"column":10},"end":{"line":182,"column":57}},"type":"binary-expr","locations":[{"start":{"line":182,"column":10},"end":{"line":182,"column":23}},{"start":{"line":182,"column":27},"end":{"line":182,"column":57}}],"line":182},"28":{"loc":{"start":{"line":190,"column":6},"end":{"line":192,"column":7}},"type":"if","locations":[{"start":{"line":190,"column":6},"end":{"line":192,"column":7}},{"start":{},"end":{}}],"line":190},"29":{"loc":{"start":{"line":200,"column":18},"end":{"line":200,"column":72}},"type":"binary-expr","locations":[{"start":{"line":200,"column":18},"end":{"line":200,"column":42}},{"start":{"line":200,"column":46},"end":{"line":200,"column":72}}],"line":200},"30":{"loc":{"start":{"line":201,"column":20},"end":{"line":204,"column":46}},"type":"binary-expr","locations":[{"start":{"line":201,"column":20},"end":{"line":201,"column":101}},{"start":{"line":202,"column":20},"end":{"line":202,"column":60}},{"start":{"line":203,"column":20},"end":{"line":203,"column":47}},{"start":{"line":204,"column":20},"end":{"line":204,"column":46}}],"line":201},"31":{"loc":{"start":{"line":206,"column":4},"end":{"line":211,"column":5}},"type":"if","locations":[{"start":{"line":206,"column":4},"end":{"line":211,"column":5}},{"start":{},"end":{}}],"line":206},"32":{"loc":{"start":{"line":206,"column":8},"end":{"line":206,"column":26}},"type":"binary-expr","locations":[{"start":{"line":206,"column":8},"end":{"line":206,"column":14}},{"start":{"line":206,"column":18},"end":{"line":206,"column":26}}],"line":206},"33":{"loc":{"start":{"line":221,"column":6},"end":{"line":250,"column":7}},"type":"if","locations":[{"start":{"line":221,"column":6},"end":{"line":250,"column":7}},{"start":{"line":246,"column":13},"end":{"line":250,"column":7}}],"line":221},"34":{"loc":{"start":{"line":231,"column":8},"end":{"line":243,"column":9}},"type":"if","locations":[{"start":{"line":231,"column":8},"end":{"line":243,"column":9}},{"start":{},"end":{}}],"line":231},"35":{"loc":{"start":{"line":239,"column":14},"end":{"line":239,"column":59}},"type":"cond-expr","locations":[{"start":{"line":239,"column":28},"end":{"line":239,"column":54}},{"start":{"line":239,"column":57},"end":{"line":239,"column":59}}],"line":239},"36":{"loc":{"start":{"line":252,"column":6},"end":{"line":262,"column":7}},"type":"if","locations":[{"start":{"line":252,"column":6},"end":{"line":262,"column":7}},{"start":{"line":258,"column":13},"end":{"line":262,"column":7}}],"line":252},"37":{"loc":{"start":{"line":276,"column":4},"end":{"line":278,"column":5}},"type":"if","locations":[{"start":{"line":276,"column":4},"end":{"line":278,"column":5}},{"start":{},"end":{}}],"line":276},"38":{"loc":{"start":{"line":276,"column":8},"end":{"line":276,"column":55}},"type":"binary-expr","locations":[{"start":{"line":276,"column":8},"end":{"line":276,"column":28}},{"start":{"line":276,"column":32},"end":{"line":276,"column":55}}],"line":276},"39":{"loc":{"start":{"line":283,"column":4},"end":{"line":285,"column":5}},"type":"if","locations":[{"start":{"line":283,"column":4},"end":{"line":285,"column":5}},{"start":{},"end":{}}],"line":283},"40":{"loc":{"start":{"line":283,"column":8},"end":{"line":283,"column":43}},"type":"binary-expr","locations":[{"start":{"line":283,"column":8},"end":{"line":283,"column":22}},{"start":{"line":283,"column":26},"end":{"line":283,"column":43}}],"line":283},"41":{"loc":{"start":{"line":289,"column":4},"end":{"line":295,"column":5}},"type":"if","locations":[{"start":{"line":289,"column":4},"end":{"line":295,"column":5}},{"start":{},"end":{}}],"line":289},"42":{"loc":{"start":{"line":292,"column":6},"end":{"line":294,"column":7}},"type":"if","locations":[{"start":{"line":292,"column":6},"end":{"line":294,"column":7}},{"start":{},"end":{}}],"line":292},"43":{"loc":{"start":{"line":292,"column":10},"end":{"line":292,"column":51}},"type":"binary-expr","locations":[{"start":{"line":292,"column":10},"end":{"line":292,"column":33}},{"start":{"line":292,"column":37},"end":{"line":292,"column":51}}],"line":292},"44":{"loc":{"start":{"line":310,"column":7},"end":{"line":320,"column":7}},"type":"binary-expr","locations":[{"start":{"line":310,"column":7},"end":{"line":310,"column":16}},{"start":{"line":311,"column":8},"end":{"line":319,"column":14}}],"line":310},"45":{"loc":{"start":{"line":322,"column":7},"end":{"line":449,"column":7}},"type":"cond-expr","locations":[{"start":{"line":323,"column":8},"end":{"line":394,"column":11}},{"start":{"line":397,"column":8},"end":{"line":448,"column":14}}],"line":322},"46":{"loc":{"start":{"line":326,"column":14},"end":{"line":326,"column":100}},"type":"cond-expr","locations":[{"start":{"line":326,"column":27},"end":{"line":326,"column":57}},{"start":{"line":326,"column":60},"end":{"line":326,"column":100}}],"line":326},"47":{"loc":{"start":{"line":342,"column":15},"end":{"line":391,"column":15}},"type":"cond-expr","locations":[{"start":{"line":343,"column":16},"end":{"line":346,"column":22}},{"start":{"line":347,"column":18},"end":{"line":391,"column":15}}],"line":342},"48":{"loc":{"start":{"line":347,"column":18},"end":{"line":391,"column":15}},"type":"cond-expr","locations":[{"start":{"line":348,"column":16},"end":{"line":360,"column":22}},{"start":{"line":361,"column":18},"end":{"line":391,"column":15}}],"line":347},"49":{"loc":{"start":{"line":347,"column":18},"end":{"line":347,"column":57}},"type":"binary-expr","locations":[{"start":{"line":347,"column":18},"end":{"line":347,"column":26}},{"start":{"line":347,"column":30},"end":{"line":347,"column":57}}],"line":347},"50":{"loc":{"start":{"line":361,"column":18},"end":{"line":391,"column":15}},"type":"cond-expr","locations":[{"start":{"line":362,"column":16},"end":{"line":366,"column":22}},{"start":{"line":368,"column":16},"end":{"line":390,"column":19}}],"line":361},"51":{"loc":{"start":{"line":361,"column":18},"end":{"line":361,"column":59}},"type":"binary-expr","locations":[{"start":{"line":361,"column":18},"end":{"line":361,"column":26}},{"start":{"line":361,"column":30},"end":{"line":361,"column":59}}],"line":361},"52":{"loc":{"start":{"line":417,"column":43},"end":{"line":417,"column":84}},"type":"cond-expr","locations":[{"start":{"line":417,"column":59},"end":{"line":417,"column":69}},{"start":{"line":417,"column":72},"end":{"line":417,"column":84}}],"line":417},"53":{"loc":{"start":{"line":420,"column":25},"end":{"line":420,"column":40}},"type":"binary-expr","locations":[{"start":{"line":420,"column":25},"end":{"line":420,"column":33}},{"start":{"line":420,"column":37},"end":{"line":420,"column":40}}],"line":420},"54":{"loc":{"start":{"line":452,"column":7},"end":{"line":465,"column":7}},"type":"binary-expr","locations":[{"start":{"line":452,"column":7},"end":{"line":452,"column":34}},{"start":{"line":453,"column":8},"end":{"line":464,"column":14}}],"line":452}},"s":{"0":0,"1":0,"2":0,"3":0,"4":0,"5":0,"6":0,"7":0,"8":0,"9":0,"10":0,"11":0,"12":0,"13":0,"14":0,"15":0,"16":0,"17":0,"18":0,"19":0,"20":0,"21":0,"22":0,"23":0,"24":0,"25":0,"26":0,"27":0,"28":0,"29":0,"30":0,"31":0,"32":0,"33":0,"34":0,"35":0,"36":0,"37":0,"38":0,"39":0,"40":0,"41":0,"42":0,"43":0,"44":0,"45":0,"46":0,"47":0,"48":0,"49":0,"50":0,"51":0,"52":0,"53":0,"54":0,"55":0,"56":0,"57":0,"58":0,"59":0,"60":0,"61":0,"62":0,"63":0,"64":0,"65":0,"66":0,"67":0,"68":0,"69":0,"70":0,"71":0,"72":0,"73":0,"74":0,"75":0,"76":0,"77":0,"78":0,"79":0,"80":0,"81":0,"82":0,"83":0,"84":0,"85":0,"86":0,"87":0,"88":0,"89":0,"90":0,"91":0,"92":0,"93":0,"94":0,"95":0,"96":0,"97":0,"98":0,"99":0,"100":0,"101":0,"102":0,"103":0,"104":0,"105":0,"106":0,"107":0,"108":0,"109":0,"110":0,"111":0,"112":0,"113":0,"114":0,"115":0,"116":0,"117":0,"118":0,"119":0,"120":0,"121":0,"122":0,"123":0,"124":0,"125":0,"126":0,"127":0,"128":0,"129":0,"130":0,"131":0,"132":0,"133":0,"134":0,"135":0,"136":0,"137":0,"138":0,"139":0,"140":0,"141":0,"142":0,"143":0,"144":0,"145":0,"146":0,"147":0,"148":0,"149":0,"150":0,"151":0,"152":0,"153":0,"154":0,"155":0,"156":0,"157":0,"158":0,"159":0,"160":0,"161":0,"162":0,"163":0,"164":0,"165":0,"166":0,"167":0,"168":0,"169":0,"170":0,"171":0,"172":0,"173":0,"174":0,"175":0,"176":0},"f":{"0":0,"1":0,"2":0,"3":0,"4":0,"5":0,"6":0,"7":0,"8":0,"9":0,"10":0,"11":0,"12":0,"13":0,"14":0,"15":0,"16":0,"17":0,"18":0,"19":0,"20":0,"21":0,"22":0,"23":0,"24":0,"25":0,"26":0,"27":0},"b":{"0":[0,0],"1":[0,0],"2":[0,0],"3":[0,0],"4":[0,0],"5":[0,0],"6":[0,0],"7":[0,0],"8":[0,0],"9":[0,0],"10":[0,0,0],"11":[0,0],"12":[0,0],"13":[0,0],"14":[0,0],"15":[0,0],"16":[0,0],"17":[0,0],"18":[0,0],"19":[0,0],"20":[0,0],"21":[0,0],"22":[0,0],"23":[0,0],"24":[0,0],"25":[0,0],"26":[0,0],"27":[0,0],"28":[0,0],"29":[0,0],"30":[0,0,0,0],"31":[0,0],"32":[0,0],"33":[0,0],"34":[0,0],"35":[0,0],"36":[0,0],"37":[0,0],"38":[0,0],"39":[0,0],"40":[0,0],"41":[0,0],"42":[0,0],"43":[0,0],"44":[0,0],"45":[0,0],"46":[0,0],"47":[0,0],"48":[0,0],"49":[0,0],"50":[0,0],"51":[0,0],"52":[0,0],"53":[0,0],"54":[0,0]}}
,"C:\\Users\\beebe\\Downloads\\404_found_us-main\\frontend\\src\\components\\DesiredMarginCalculator.jsx": {"path":"C:\\Users\\beebe\\Downloads\\404_found_us-main\\frontend\\src\\components\\DesiredMarginCalculator.jsx","statementMap":{"0":{"start":{"line":97,"column":32},"end":{"line":620,"column":1}},"1":{"start":{"line":98,"column":34},"end":{"line":98,"column":46}},"2":{"start":{"line":99,"column":38},"end":{"line":99,"column":52}},"3":{"start":{"line":100,"column":32},"end":{"line":100,"column":46}},"4":{"start":{"line":101,"column":40},"end":{"line":101,"column":55}},"5":{"start":{"line":102,"column":36},"end":{"line":102,"column":51}},"6":{"start":{"line":103,"column":36},"end":{"line":103,"column":48}},"7":{"start":{"line":104,"column":38},"end":{"line":104,"column":53}},"8":{"start":{"line":113,"column":6},"end":{"line":121,"column":4}},"9":{"start":{"line":123,"column":23},"end":{"line":123,"column":44}},"10":{"start":{"line":124,"column":19},"end":{"line":124,"column":36}},"11":{"start":{"line":125,"column":21},"end":{"line":125,"column":40}},"12":{"start":{"line":126,"column":14},"end":{"line":126,"column":26}},"13":{"start":{"line":128,"column":33},"end":{"line":145,"column":3}},"14":{"start":{"line":129,"column":20},"end":{"line":129,"column":61}},"15":{"start":{"line":130,"column":23},"end":{"line":130,"column":30}},"16":{"start":{"line":132,"column":17},"end":{"line":132,"column":76}},"17":{"start":{"line":133,"column":17},"end":{"line":133,"column":44}},"18":{"start":{"line":134,"column":16},"end":{"line":134,"column":41}},"19":{"start":{"line":136,"column":4},"end":{"line":136,"column":35}},"20":{"start":{"line":137,"column":4},"end":{"line":137,"column":71}},"21":{"start":{"line":138,"column":4},"end":{"line":138,"column":37}},"22":{"start":{"line":140,"column":4},"end":{"line":140,"column":36}},"23":{"start":{"line":141,"column":4},"end":{"line":141,"column":17}},"24":{"start":{"line":142,"column":4},"end":{"line":142,"column":36}},"25":{"start":{"line":144,"column":4},"end":{"line":144,"column":29}},"26":{"start":{"line":147,"column":21},"end":{"line":155,"column":3}},"27":{"start":{"line":148,"column":4},"end":{"line":148,"column":23}},"28":{"start":{"line":149,"column":4},"end":{"line":149,"column":24}},"29":{"start":{"line":150,"column":4},"end":{"line":154,"column":5}},"30":{"start":{"line":151,"column":6},"end":{"line":151,"column":26}},"31":{"start":{"line":152,"column":11},"end":{"line":154,"column":5}},"32":{"start":{"line":153,"column":6},"end":{"line":153,"column":27}},"33":{"start":{"line":157,"column":21},"end":{"line":179,"column":3}},"34":{"start":{"line":158,"column":4},"end":{"line":158,"column":23}},"35":{"start":{"line":159,"column":4},"end":{"line":159,"column":24}},"36":{"start":{"line":160,"column":4},"end":{"line":160,"column":25}},"37":{"start":{"line":162,"column":4},"end":{"line":178,"column":5}},"38":{"start":{"line":163,"column":19},"end":{"line":163,"column":42}},"39":{"start":{"line":164,"column":6},"end":{"line":164,"column":29}},"40":{"start":{"line":165,"column":6},"end":{"line":165,"column":23}},"41":{"start":{"line":166,"column":6},"end":{"line":166,"column":26}},"42":{"start":{"line":168,"column":28},"end":{"line":168,"column":69}},"43":{"start":{"line":170,"column":6},"end":{"line":177,"column":7}},"44":{"start":{"line":171,"column":8},"end":{"line":171,"column":27}},"45":{"start":{"line":172,"column":13},"end":{"line":177,"column":7}},"46":{"start":{"line":173,"column":8},"end":{"line":173,"column":29}},"47":{"start":{"line":175,"column":8},"end":{"line":175,"column":84}},"48":{"start":{"line":176,"column":8},"end":{"line":176,"column":24}},"49":{"start":{"line":181,"column":19},"end":{"line":234,"column":3}},"50":{"start":{"line":182,"column":4},"end":{"line":182,"column":23}},"51":{"start":{"line":183,"column":4},"end":{"line":233,"column":5}},"52":{"start":{"line":185,"column":22},"end":{"line":192,"column":7}},"53":{"start":{"line":195,"column":25},"end":{"line":195,"column":79}},"54":{"start":{"line":207,"column":6},"end":{"line":207,"column":29}},"55":{"start":{"line":208,"column":6},"end":{"line":208,"column":27}},"56":{"start":{"line":210,"column":6},"end":{"line":210,"column":49}},"57":{"start":{"line":214,"column":30},"end":{"line":227,"column":7}},"58":{"start":{"line":229,"column":6},"end":{"line":229,"column":34}},"59":{"start":{"line":230,"column":6},"end":{"line":230,"column":27}},"60":{"start":{"line":232,"column":6},"end":{"line":232,"column":26}},"61":{"start":{"line":236,"column":23},"end":{"line":309,"column":3}},"62":{"start":{"line":237,"column":19},"end":{"line":237,"column":35}},"63":{"start":{"line":239,"column":4},"end":{"line":306,"column":6}},"64":{"start":{"line":240,"column":6},"end":{"line":305,"column":7}},"65":{"start":{"line":241,"column":21},"end":{"line":241,"column":37}},"66":{"start":{"line":242,"column":22},"end":{"line":242,"column":66}},"67":{"start":{"line":242,"column":54},"end":{"line":242,"column":65}},"68":{"start":{"line":244,"column":8},"end":{"line":247,"column":9}},"69":{"start":{"line":245,"column":10},"end":{"line":245,"column":83}},"70":{"start":{"line":246,"column":10},"end":{"line":246,"column":17}},"71":{"start":{"line":250,"column":24},"end":{"line":250,"column":76}},"72":{"start":{"line":250,"column":67},"end":{"line":250,"column":75}},"73":{"start":{"line":251,"column":32},"end":{"line":251,"column":84}},"74":{"start":{"line":252,"column":31},"end":{"line":252,"column":80}},"75":{"start":{"line":252,"column":59},"end":{"line":252,"column":79}},"76":{"start":{"line":254,"column":8},"end":{"line":257,"column":9}},"77":{"start":{"line":255,"column":10},"end":{"line":255,"column":81}},"78":{"start":{"line":256,"column":10},"end":{"line":256,"column":17}},"79":{"start":{"line":259,"column":25},"end":{"line":278,"column":10}},"80":{"start":{"line":260,"column":25},"end":{"line":260,"column":59}},"81":{"start":{"line":260,"column":50},"end":{"line":260,"column":58}},"82":{"start":{"line":261,"column":22},"end":{"line":266,"column":11}},"83":{"start":{"line":269,"column":10},"end":{"line":271,"column":11}},"84":{"start":{"line":270,"column":12},"end":{"line":270,"column":87}},"85":{"start":{"line":273,"column":10},"end":{"line":275,"column":11}},"86":{"start":{"line":274,"column":12},"end":{"line":274,"column":96}},"87":{"start":{"line":277,"column":10},"end":{"line":277,"column":21}},"88":{"start":{"line":280,"column":8},"end":{"line":283,"column":9}},"89":{"start":{"line":281,"column":10},"end":{"line":281,"column":66}},"90":{"start":{"line":282,"column":10},"end":{"line":282,"column":17}},"91":{"start":{"line":285,"column":20},"end":{"line":285,"column":35}},"92":{"start":{"line":286,"column":27},"end":{"line":286,"column":49}},"93":{"start":{"line":288,"column":34},"end":{"line":288,"column":49}},"94":{"start":{"line":289,"column":28},"end":{"line":289,"column":78}},"95":{"start":{"line":289,"column":58},"end":{"line":289,"column":74}},"96":{"start":{"line":290,"column":30},"end":{"line":290,"column":61}},"97":{"start":{"line":292,"column":8},"end":{"line":292,"column":29}},"98":{"start":{"line":293,"column":8},"end":{"line":293,"column":25}},"99":{"start":{"line":295,"column":8},"end":{"line":301,"column":11}},"100":{"start":{"line":303,"column":8},"end":{"line":303,"column":64}},"101":{"start":{"line":304,"column":8},"end":{"line":304,"column":28}},"102":{"start":{"line":308,"column":4},"end":{"line":308,"column":28}},"103":{"start":{"line":311,"column":25},"end":{"line":388,"column":3}},"104":{"start":{"line":312,"column":19},"end":{"line":312,"column":35}},"105":{"start":{"line":314,"column":4},"end":{"line":385,"column":6}},"106":{"start":{"line":315,"column":6},"end":{"line":384,"column":7}},"107":{"start":{"line":316,"column":21},"end":{"line":316,"column":37}},"108":{"start":{"line":317,"column":25},"end":{"line":317,"column":60}},"109":{"start":{"line":319,"column":31},"end":{"line":319,"column":53}},"110":{"start":{"line":320,"column":26},"end":{"line":320,"column":57}},"111":{"start":{"line":322,"column":25},"end":{"line":322,"column":75}},"112":{"start":{"line":324,"column":8},"end":{"line":327,"column":9}},"113":{"start":{"line":325,"column":10},"end":{"line":325,"column":83}},"114":{"start":{"line":326,"column":10},"end":{"line":326,"column":17}},"115":{"start":{"line":330,"column":24},"end":{"line":330,"column":76}},"116":{"start":{"line":330,"column":45},"end":{"line":330,"column":75}},"117":{"start":{"line":331,"column":32},"end":{"line":331,"column":84}},"118":{"start":{"line":332,"column":31},"end":{"line":332,"column":80}},"119":{"start":{"line":332,"column":59},"end":{"line":332,"column":79}},"120":{"start":{"line":334,"column":8},"end":{"line":337,"column":9}},"121":{"start":{"line":335,"column":10},"end":{"line":335,"column":81}},"122":{"start":{"line":336,"column":10},"end":{"line":336,"column":17}},"123":{"start":{"line":339,"column":25},"end":{"line":357,"column":10}},"124":{"start":{"line":340,"column":26},"end":{"line":345,"column":11}},"125":{"start":{"line":348,"column":10},"end":{"line":350,"column":11}},"126":{"start":{"line":349,"column":12},"end":{"line":349,"column":87}},"127":{"start":{"line":352,"column":10},"end":{"line":354,"column":11}},"128":{"start":{"line":353,"column":12},"end":{"line":353,"column":96}},"129":{"start":{"line":356,"column":10},"end":{"line":356,"column":25}},"130":{"start":{"line":359,"column":8},"end":{"line":362,"column":9}},"131":{"start":{"line":360,"column":10},"end":{"line":360,"column":66}},"132":{"start":{"line":361,"column":10},"end":{"line":361,"column":17}},"133":{"start":{"line":364,"column":20},"end":{"line":364,"column":35}},"134":{"start":{"line":365,"column":27},"end":{"line":365,"column":49}},"135":{"start":{"line":367,"column":34},"end":{"line":367,"column":49}},"136":{"start":{"line":368,"column":28},"end":{"line":368,"column":78}},"137":{"start":{"line":368,"column":58},"end":{"line":368,"column":74}},"138":{"start":{"line":369,"column":30},"end":{"line":369,"column":61}},"139":{"start":{"line":371,"column":8},"end":{"line":371,"column":29}},"140":{"start":{"line":372,"column":8},"end":{"line":372,"column":25}},"141":{"start":{"line":374,"column":8},"end":{"line":380,"column":11}},"142":{"start":{"line":382,"column":8},"end":{"line":382,"column":66}},"143":{"start":{"line":383,"column":8},"end":{"line":383,"column":28}},"144":{"start":{"line":387,"column":4},"end":{"line":387,"column":36}},"145":{"start":{"line":390,"column":27},"end":{"line":409,"column":3}},"146":{"start":{"line":391,"column":18},"end":{"line":391,"column":32}},"147":{"start":{"line":392,"column":4},"end":{"line":408,"column":5}},"148":{"start":{"line":393,"column":19},"end":{"line":393,"column":27}},"149":{"start":{"line":394,"column":6},"end":{"line":394,"column":29}},"150":{"start":{"line":395,"column":6},"end":{"line":395,"column":23}},"151":{"start":{"line":396,"column":6},"end":{"line":396,"column":26}},"152":{"start":{"line":398,"column":28},"end":{"line":398,"column":69}},"153":{"start":{"line":400,"column":6},"end":{"line":407,"column":7}},"154":{"start":{"line":401,"column":8},"end":{"line":401,"column":27}},"155":{"start":{"line":402,"column":13},"end":{"line":407,"column":7}},"156":{"start":{"line":403,"column":8},"end":{"line":403,"column":29}},"157":{"start":{"line":405,"column":8},"end":{"line":405,"column":84}},"158":{"start":{"line":406,"column":8},"end":{"line":406,"column":24}},"159":{"start":{"line":411,"column":31},"end":{"line":417,"column":3}},"160":{"start":{"line":412,"column":4},"end":{"line":412,"column":21}},"161":{"start":{"line":413,"column":4},"end":{"line":413,"column":20}},"162":{"start":{"line":414,"column":4},"end":{"line":414,"column":24}},"163":{"start":{"line":415,"column":4},"end":{"line":415,"column":12}},"164":{"start":{"line":416,"column":4},"end":{"line":416,"column":26}},"165":{"start":{"line":420,"column":2},"end":{"line":422,"column":3}},"166":{"start":{"line":421,"column":4},"end":{"line":421,"column":94}},"167":{"start":{"line":424,"column":2},"end":{"line":619,"column":4}},"168":{"start":{"line":513,"column":37},"end":{"line":513,"column":59}},"169":{"start":{"line":554,"column":22},"end":{"line":556,"column":23}},"170":{"start":{"line":555,"column":24},"end":{"line":555,"column":66}},"171":{"start":{"line":557,"column":22},"end":{"line":557,"column":34}},"172":{"start":{"line":579,"column":39},"end":{"line":579,"column":114}},"173":{"start":{"line":599,"column":39},"end":{"line":599,"column":117}}},"fnMap":{"0":{"name":"(anonymous_0)","decl":{"start":{"line":97,"column":32},"end":{"line":97,"column":33}},"loc":{"start":{"line":97,"column":57},"end":{"line":620,"column":1}},"line":97},"1":{"name":"(anonymous_1)","decl":{"start":{"line":128,"column":33},"end":{"line":128,"column":34}},"loc":{"start":{"line":128,"column":39},"end":{"line":145,"column":3}},"line":128},"2":{"name":"(anonymous_2)","decl":{"start":{"line":147,"column":21},"end":{"line":147,"column":22}},"loc":{"start":{"line":147,"column":28},"end":{"line":155,"column":3}},"line":147},"3":{"name":"(anonymous_3)","decl":{"start":{"line":157,"column":21},"end":{"line":157,"column":22}},"loc":{"start":{"line":157,"column":28},"end":{"line":179,"column":3}},"line":157},"4":{"name":"(anonymous_4)","decl":{"start":{"line":181,"column":19},"end":{"line":181,"column":20}},"loc":{"start":{"line":181,"column":35},"end":{"line":234,"column":3}},"line":181},"5":{"name":"(anonymous_5)","decl":{"start":{"line":236,"column":23},"end":{"line":236,"column":24}},"loc":{"start":{"line":236,"column":33},"end":{"line":309,"column":3}},"line":236},"6":{"name":"(anonymous_6)","decl":{"start":{"line":239,"column":20},"end":{"line":239,"column":21}},"loc":{"start":{"line":239,"column":27},"end":{"line":306,"column":5}},"line":239},"7":{"name":"(anonymous_7)","decl":{"start":{"line":242,"column":46},"end":{"line":242,"column":47}},"loc":{"start":{"line":242,"column":54},"end":{"line":242,"column":65}},"line":242},"8":{"name":"(anonymous_8)","decl":{"start":{"line":250,"column":62},"end":{"line":250,"column":63}},"loc":{"start":{"line":250,"column":67},"end":{"line":250,"column":75}},"line":250},"9":{"name":"(anonymous_9)","decl":{"start":{"line":252,"column":54},"end":{"line":252,"column":55}},"loc":{"start":{"line":252,"column":59},"end":{"line":252,"column":79}},"line":252},"10":{"name":"(anonymous_10)","decl":{"start":{"line":259,"column":44},"end":{"line":259,"column":45}},"loc":{"start":{"line":259,"column":59},"end":{"line":278,"column":9}},"line":259},"11":{"name":"(anonymous_11)","decl":{"start":{"line":260,"column":45},"end":{"line":260,"column":46}},"loc":{"start":{"line":260,"column":50},"end":{"line":260,"column":58}},"line":260},"12":{"name":"(anonymous_12)","decl":{"start":{"line":289,"column":44},"end":{"line":289,"column":45}},"loc":{"start":{"line":289,"column":58},"end":{"line":289,"column":74}},"line":289},"13":{"name":"(anonymous_13)","decl":{"start":{"line":311,"column":25},"end":{"line":311,"column":26}},"loc":{"start":{"line":311,"column":35},"end":{"line":388,"column":3}},"line":311},"14":{"name":"(anonymous_14)","decl":{"start":{"line":314,"column":20},"end":{"line":314,"column":21}},"loc":{"start":{"line":314,"column":27},"end":{"line":385,"column":5}},"line":314},"15":{"name":"(anonymous_15)","decl":{"start":{"line":330,"column":40},"end":{"line":330,"column":41}},"loc":{"start":{"line":330,"column":45},"end":{"line":330,"column":75}},"line":330},"16":{"name":"(anonymous_16)","decl":{"start":{"line":332,"column":54},"end":{"line":332,"column":55}},"loc":{"start":{"line":332,"column":59},"end":{"line":332,"column":79}},"line":332},"17":{"name":"(anonymous_17)","decl":{"start":{"line":339,"column":47},"end":{"line":339,"column":48}},"loc":{"start":{"line":339,"column":61},"end":{"line":357,"column":9}},"line":339},"18":{"name":"(anonymous_18)","decl":{"start":{"line":368,"column":44},"end":{"line":368,"column":45}},"loc":{"start":{"line":368,"column":58},"end":{"line":368,"column":74}},"line":368},"19":{"name":"(anonymous_19)","decl":{"start":{"line":390,"column":27},"end":{"line":390,"column":28}},"loc":{"start":{"line":390,"column":34},"end":{"line":409,"column":3}},"line":390},"20":{"name":"(anonymous_20)","decl":{"start":{"line":411,"column":31},"end":{"line":411,"column":32}},"loc":{"start":{"line":411,"column":37},"end":{"line":417,"column":3}},"line":411},"21":{"name":"(anonymous_21)","decl":{"start":{"line":513,"column":26},"end":{"line":513,"column":27}},"loc":{"start":{"line":513,"column":37},"end":{"line":513,"column":59}},"line":513},"22":{"name":"(anonymous_22)","decl":{"start":{"line":553,"column":30},"end":{"line":553,"column":31}},"loc":{"start":{"line":553,"column":41},"end":{"line":558,"column":21}},"line":553},"23":{"name":"(anonymous_23)","decl":{"start":{"line":579,"column":28},"end":{"line":579,"column":29}},"loc":{"start":{"line":579,"column":39},"end":{"line":579,"column":114}},"line":579},"24":{"name":"(anonymous_24)","decl":{"start":{"line":599,"column":28},"end":{"line":599,"column":29}},"loc":{"start":{"line":599,"column":39},"end":{"line":599,"column":117}},"line":599}},"branchMap":{"0":{"loc":{"start":{"line":150,"column":4},"end":{"line":154,"column":5}},"type":"if","locations":[{"start":{"line":150,"column":4},"end":{"line":154,"column":5}},{"start":{"line":152,"column":11},"end":{"line":154,"column":5}}],"line":150},"1":{"loc":{"start":{"line":150,"column":8},"end":{"line":150,"column":55}},"type":"binary-expr","locations":[{"start":{"line":150,"column":8},"end":{"line":150,"column":30}},{"start":{"line":150,"column":34},"end":{"line":150,"column":55}}],"line":150},"2":{"loc":{"start":{"line":152,"column":11},"end":{"line":154,"column":5}},"type":"if","locations":[{"start":{"line":152,"column":11},"end":{"line":154,"column":5}},{"start":{},"end":{}}],"line":152},"3":{"loc":{"start":{"line":162,"column":4},"end":{"line":178,"column":5}},"type":"if","locations":[{"start":{"line":162,"column":4},"end":{"line":178,"column":5}},{"start":{},"end":{}}],"line":162},"4":{"loc":{"start":{"line":162,"column":8},"end":{"line":162,"column":63}},"type":"binary-expr","locations":[{"start":{"line":162,"column":8},"end":{"line":162,"column":28}},{"start":{"line":162,"column":32},"end":{"line":162,"column":63}}],"line":162},"5":{"loc":{"start":{"line":170,"column":6},"end":{"line":177,"column":7}},"type":"if","locations":[{"start":{"line":170,"column":6},"end":{"line":177,"column":7}},{"start":{"line":172,"column":13},"end":{"line":177,"column":7}}],"line":170},"6":{"loc":{"start":{"line":172,"column":13},"end":{"line":177,"column":7}},"type":"if","locations":[{"start":{"line":172,"column":13},"end":{"line":177,"column":7}},{"start":{"line":174,"column":13},"end":{"line":177,"column":7}}],"line":172},"7":{"loc":{"start":{"line":172,"column":17},"end":{"line":172,"column":68}},"type":"binary-expr","locations":[{"start":{"line":172,"column":17},"end":{"line":172,"column":41}},{"start":{"line":172,"column":45},"end":{"line":172,"column":68}}],"line":172},"8":{"loc":{"start":{"line":188,"column":18},"end":{"line":188,"column":66}},"type":"cond-expr","locations":[{"start":{"line":188,"column":34},"end":{"line":188,"column":59}},{"start":{"line":188,"column":62},"end":{"line":188,"column":66}}],"line":188},"9":{"loc":{"start":{"line":189,"column":20},"end":{"line":189,"column":72}},"type":"cond-expr","locations":[{"start":{"line":189,"column":38},"end":{"line":189,"column":65}},{"start":{"line":189,"column":68},"end":{"line":189,"column":72}}],"line":189},"10":{"loc":{"start":{"line":190,"column":23},"end":{"line":190,"column":81}},"type":"cond-expr","locations":[{"start":{"line":190,"column":44},"end":{"line":190,"column":74}},{"start":{"line":190,"column":77},"end":{"line":190,"column":81}}],"line":190},"11":{"loc":{"start":{"line":244,"column":8},"end":{"line":247,"column":9}},"type":"if","locations":[{"start":{"line":244,"column":8},"end":{"line":247,"column":9}},{"start":{},"end":{}}],"line":244},"12":{"loc":{"start":{"line":254,"column":8},"end":{"line":257,"column":9}},"type":"if","locations":[{"start":{"line":254,"column":8},"end":{"line":257,"column":9}},{"start":{},"end":{}}],"line":254},"13":{"loc":{"start":{"line":265,"column":20},"end":{"line":265,"column":70}},"type":"binary-expr","locations":[{"start":{"line":265,"column":20},"end":{"line":265,"column":65}},{"start":{"line":265,"column":69},"end":{"line":265,"column":70}}],"line":265},"14":{"loc":{"start":{"line":269,"column":10},"end":{"line":271,"column":11}},"type":"if","locations":[{"start":{"line":269,"column":10},"end":{"line":271,"column":11}},{"start":{},"end":{}}],"line":269},"15":{"loc":{"start":{"line":269,"column":14},"end":{"line":269,"column":69}},"type":"binary-expr","locations":[{"start":{"line":269,"column":14},"end":{"line":269,"column":23}},{"start":{"line":269,"column":27},"end":{"line":269,"column":42}},{"start":{"line":269,"column":46},"end":{"line":269,"column":54}},{"start":{"line":269,"column":58},"end":{"line":269,"column":69}}],"line":269},"16":{"loc":{"start":{"line":273,"column":10},"end":{"line":275,"column":11}},"type":"if","locations":[{"start":{"line":273,"column":10},"end":{"line":275,"column":11}},{"start":{},"end":{}}],"line":273},"17":{"loc":{"start":{"line":273,"column":14},"end":{"line":273,"column":50}},"type":"binary-expr","locations":[{"start":{"line":273,"column":14},"end":{"line":273,"column":31}},{"start":{"line":273,"column":35},"end":{"line":273,"column":50}}],"line":273},"18":{"loc":{"start":{"line":280,"column":8},"end":{"line":283,"column":9}},"type":"if","locations":[{"start":{"line":280,"column":8},"end":{"line":283,"column":9}},{"start":{},"end":{}}],"line":280},"19":{"loc":{"start":{"line":303,"column":21},"end":{"line":303,"column":62}},"type":"binary-expr","locations":[{"start":{"line":303,"column":21},"end":{"line":303,"column":34}},{"start":{"line":303,"column":38},"end":{"line":303,"column":62}}],"line":303},"20":{"loc":{"start":{"line":324,"column":8},"end":{"line":327,"column":9}},"type":"if","locations":[{"start":{"line":324,"column":8},"end":{"line":327,"column":9}},{"start":{},"end":{}}],"line":324},"21":{"loc":{"start":{"line":334,"column":8},"end":{"line":337,"column":9}},"type":"if","locations":[{"start":{"line":334,"column":8},"end":{"line":337,"column":9}},{"start":{},"end":{}}],"line":334},"22":{"loc":{"start":{"line":344,"column":20},"end":{"line":344,"column":67}},"type":"binary-expr","locations":[{"start":{"line":344,"column":20},"end":{"line":344,"column":62}},{"start":{"line":344,"column":66},"end":{"line":344,"column":67}}],"line":344},"23":{"loc":{"start":{"line":348,"column":10},"end":{"line":350,"column":11}},"type":"if","locations":[{"start":{"line":348,"column":10},"end":{"line":350,"column":11}},{"start":{},"end":{}}],"line":348},"24":{"loc":{"start":{"line":348,"column":14},"end":{"line":348,"column":85}},"type":"binary-expr","locations":[{"start":{"line":348,"column":14},"end":{"line":348,"column":27}},{"start":{"line":348,"column":31},"end":{"line":348,"column":50}},{"start":{"line":348,"column":54},"end":{"line":348,"column":66}},{"start":{"line":348,"column":70},"end":{"line":348,"column":85}}],"line":348},"25":{"loc":{"start":{"line":352,"column":10},"end":{"line":354,"column":11}},"type":"if","locations":[{"start":{"line":352,"column":10},"end":{"line":354,"column":11}},{"start":{},"end":{}}],"line":352},"26":{"loc":{"start":{"line":352,"column":14},"end":{"line":352,"column":58}},"type":"binary-expr","locations":[{"start":{"line":352,"column":14},"end":{"line":352,"column":35}},{"start":{"line":352,"column":39},"end":{"line":352,"column":58}}],"line":352},"27":{"loc":{"start":{"line":359,"column":8},"end":{"line":362,"column":9}},"type":"if","locations":[{"start":{"line":359,"column":8},"end":{"line":362,"column":9}},{"start":{},"end":{}}],"line":359},"28":{"loc":{"start":{"line":382,"column":21},"end":{"line":382,"column":64}},"type":"binary-expr","locations":[{"start":{"line":382,"column":21},"end":{"line":382,"column":34}},{"start":{"line":382,"column":38},"end":{"line":382,"column":64}}],"line":382},"29":{"loc":{"start":{"line":392,"column":4},"end":{"line":408,"column":5}},"type":"if","locations":[{"start":{"line":392,"column":4},"end":{"line":408,"column":5}},{"start":{},"end":{}}],"line":392},"30":{"loc":{"start":{"line":392,"column":8},"end":{"line":392,"column":33}},"type":"binary-expr","locations":[{"start":{"line":392,"column":8},"end":{"line":392,"column":13}},{"start":{"line":392,"column":17},"end":{"line":392,"column":33}}],"line":392},"31":{"loc":{"start":{"line":400,"column":6},"end":{"line":407,"column":7}},"type":"if","locations":[{"start":{"line":400,"column":6},"end":{"line":407,"column":7}},{"start":{"line":402,"column":13},"end":{"line":407,"column":7}}],"line":400},"32":{"loc":{"start":{"line":402,"column":13},"end":{"line":407,"column":7}},"type":"if","locations":[{"start":{"line":402,"column":13},"end":{"line":407,"column":7}},{"start":{"line":404,"column":13},"end":{"line":407,"column":7}}],"line":402},"33":{"loc":{"start":{"line":402,"column":17},"end":{"line":402,"column":68}},"type":"binary-expr","locations":[{"start":{"line":402,"column":17},"end":{"line":402,"column":41}},{"start":{"line":402,"column":45},"end":{"line":402,"column":68}}],"line":402},"34":{"loc":{"start":{"line":420,"column":2},"end":{"line":422,"column":3}},"type":"if","locations":[{"start":{"line":420,"column":2},"end":{"line":422,"column":3}},{"start":{},"end":{}}],"line":420},"35":{"loc":{"start":{"line":447,"column":18},"end":{"line":449,"column":70}},"type":"cond-expr","locations":[{"start":{"line":447,"column":30},"end":{"line":447,"column":56}},{"start":{"line":448,"column":18},"end":{"line":449,"column":70}}],"line":447},"36":{"loc":{"start":{"line":448,"column":18},"end":{"line":449,"column":70}},"type":"cond-expr","locations":[{"start":{"line":448,"column":31},"end":{"line":448,"column":63}},{"start":{"line":449,"column":18},"end":{"line":449,"column":70}}],"line":448},"37":{"loc":{"start":{"line":464,"column":17},"end":{"line":490,"column":17}},"type":"cond-expr","locations":[{"start":{"line":465,"column":18},"end":{"line":474,"column":24}},{"start":{"line":475,"column":20},"end":{"line":490,"column":17}}],"line":464},"38":{"loc":{"start":{"line":475,"column":20},"end":{"line":490,"column":17}},"type":"cond-expr","locations":[{"start":{"line":476,"column":18},"end":{"line":482,"column":24}},{"start":{"line":484,"column":18},"end":{"line":489,"column":21}}],"line":475},"39":{"loc":{"start":{"line":475,"column":20},"end":{"line":475,"column":42}},"type":"binary-expr","locations":[{"start":{"line":475,"column":20},"end":{"line":475,"column":28}},{"start":{"line":475,"column":32},"end":{"line":475,"column":42}}],"line":475},"40":{"loc":{"start":{"line":512,"column":23},"end":{"line":512,"column":32}},"type":"binary-expr","locations":[{"start":{"line":512,"column":23},"end":{"line":512,"column":26}},{"start":{"line":512,"column":30},"end":{"line":512,"column":32}}],"line":512},"41":{"loc":{"start":{"line":516,"column":15},"end":{"line":516,"column":94}},"type":"binary-expr","locations":[{"start":{"line":516,"column":15},"end":{"line":516,"column":25}},{"start":{"line":516,"column":29},"end":{"line":516,"column":94}}],"line":516},"42":{"loc":{"start":{"line":536,"column":15},"end":{"line":536,"column":112}},"type":"binary-expr","locations":[{"start":{"line":536,"column":15},"end":{"line":536,"column":34}},{"start":{"line":536,"column":38},"end":{"line":536,"column":112}}],"line":536},"43":{"loc":{"start":{"line":540,"column":13},"end":{"line":565,"column":13}},"type":"binary-expr","locations":[{"start":{"line":540,"column":14},"end":{"line":540,"column":49}},{"start":{"line":540,"column":53},"end":{"line":540,"column":77}},{"start":{"line":541,"column":14},"end":{"line":564,"column":20}}],"line":540},"44":{"loc":{"start":{"line":543,"column":29},"end":{"line":543,"column":133}},"type":"cond-expr","locations":[{"start":{"line":543,"column":67},"end":{"line":543,"column":128}},{"start":{"line":543,"column":131},"end":{"line":543,"column":133}}],"line":543},"45":{"loc":{"start":{"line":551,"column":30},"end":{"line":551,"column":112}},"type":"cond-expr","locations":[{"start":{"line":551,"column":57},"end":{"line":551,"column":104}},{"start":{"line":551,"column":107},"end":{"line":551,"column":112}}],"line":551},"46":{"loc":{"start":{"line":554,"column":22},"end":{"line":556,"column":23}},"type":"if","locations":[{"start":{"line":554,"column":22},"end":{"line":556,"column":23}},{"start":{},"end":{}}],"line":554},"47":{"loc":{"start":{"line":554,"column":26},"end":{"line":554,"column":88}},"type":"binary-expr","locations":[{"start":{"line":554,"column":26},"end":{"line":554,"column":50}},{"start":{"line":554,"column":55},"end":{"line":554,"column":61}},{"start":{"line":554,"column":65},"end":{"line":554,"column":87}}],"line":554},"48":{"loc":{"start":{"line":563,"column":17},"end":{"line":563,"column":106}},"type":"binary-expr","locations":[{"start":{"line":563,"column":17},"end":{"line":563,"column":32}},{"start":{"line":563,"column":36},"end":{"line":563,"column":106}}],"line":563},"49":{"loc":{"start":{"line":579,"column":39},"end":{"line":579,"column":114}},"type":"binary-expr","locations":[{"start":{"line":579,"column":39},"end":{"line":579,"column":45}},{"start":{"line":579,"column":49},"end":{"line":579,"column":71}},{"start":{"line":579,"column":75},"end":{"line":579,"column":114}}],"line":579},"50":{"loc":{"start":{"line":584,"column":15},"end":{"line":584,"column":108}},"type":"binary-expr","locations":[{"start":{"line":584,"column":15},"end":{"line":584,"column":32}},{"start":{"line":584,"column":36},"end":{"line":584,"column":108}}],"line":584},"51":{"loc":{"start":{"line":599,"column":39},"end":{"line":599,"column":117}},"type":"binary-expr","locations":[{"start":{"line":599,"column":39},"end":{"line":599,"column":45}},{"start":{"line":599,"column":49},"end":{"line":599,"column":71}},{"start":{"line":599,"column":75},"end":{"line":599,"column":117}}],"line":599},"52":{"loc":{"start":{"line":604,"column":15},"end":{"line":604,"column":114}},"type":"binary-expr","locations":[{"start":{"line":604,"column":15},"end":{"line":604,"column":35}},{"start":{"line":604,"column":39},"end":{"line":604,"column":114}}],"line":604},"53":{"loc":{"start":{"line":610,"column":24},"end":{"line":610,"column":73}},"type":"binary-expr","locations":[{"start":{"line":610,"column":24},"end":{"line":610,"column":33}},{"start":{"line":610,"column":37},"end":{"line":610,"column":48}},{"start":{"line":610,"column":52},"end":{"line":610,"column":56}},{"start":{"line":610,"column":60},"end":{"line":610,"column":73}}],"line":610},"54":{"loc":{"start":{"line":613,"column":15},"end":{"line":613,"column":65}},"type":"cond-expr","locations":[{"start":{"line":613,"column":27},"end":{"line":613,"column":43}},{"start":{"line":613,"column":46},"end":{"line":613,"column":65}}],"line":613}},"s":{"0":0,"1":0,"2":0,"3":0,"4":0,"5":0,"6":0,"7":0,"8":0,"9":0,"10":0,"11":0,"12":0,"13":0,"14":0,"15":0,"16":0,"17":0,"18":0,"19":0,"20":0,"21":0,"22":0,"23":0,"24":0,"25":0,"26":0,"27":0,"28":0,"29":0,"30":0,"31":0,"32":0,"33":0,"34":0,"35":0,"36":0,"37":0,"38":0,"39":0,"40":0,"41":0,"42":0,"43":0,"44":0,"45":0,"46":0,"47":0,"48":0,"49":0,"50":0,"51":0,"52":0,"53":0,"54":0,"55":0,"56":0,"57":0,"58":0,"59":0,"60":0,"61":0,"62":0,"63":0,"64":0,"65":0,"66":0,"67":0,"68":0,"69":0,"70":0,"71":0,"72":0,"73":0,"74":0,"75":0,"76":0,"77":0,"78":0,"79":0,"80":0,"81":0,"82":0,"83":0,"84":0,"85":0,"86":0,"87":0,"88":0,"89":0,"90":0,"91":0,"92":0,"93":0,"94":0,"95":0,"96":0,"97":0,"98":0,"99":0,"100":0,"101":0,"102":0,"103":0,"104":0,"105":0,"106":0,"107":0,"108":0,"109":0,"110":0,"111":0,"112":0,"113":0,"114":0,"115":0,"116":0,"117":0,"118":0,"119":0,"120":0,"121":0,"122":0,"123":0,"124":0,"125":0,"126":0,"127":0,"128":0,"129":0,"130":0,"131":0,"132":0,"133":0,"134":0,"135":0,"136":0,"137":0,"138":0,"139":0,"140":0,"141":0,"142":0,"143":0,"144":0,"145":0,"146":0,"147":0,"148":0,"149":0,"150":0,"151":0,"152":0,"153":0,"154":0,"155":0,"156":0,"157":0,"158":0,"159":0,"160":0,"161":0,"162":0,"163":0,"164":0,"165":0,"166":0,"167":0,"168":0,"169":0,"170":0,"171":0,"172":0,"173":0},"f":{"0":0,"1":0,"2":0,"3":0,"4":0,"5":0,"6":0,"7":0,"8":0,"9":0,"10":0,"11":0,"12":0,"13":0,"14":0,"15":0,"16":0,"17":0,"18":0,"19":0,"20":0,"21":0,"22":0,"23":0,"24":0},"b":{"0":[0,0],"1":[0,0],"2":[0,0],"3":[0,0],"4":[0,0],"5":[0,0],"6":[0,0],"7":[0,0],"8":[0,0],"9":[0,0],"10":[0,0],"11":[0,0],"12":[0,0],"13":[0,0],"14":[0,0],"15":[0,0,0,0],"16":[0,0],"17":[0,0],"18":[0,0],"19":[0,0],"20":[0,0],"21":[0,0],"22":[0,0],"23":[0,0],"24":[0,0,0,0],"25":[0,0],"26":[0,0],"27":[0,0],"28":[0,0],"29":[0,0],"30":[0,0],"31":[0,0],"32":[0,0],"33":[0,0],"34":[0,0],"35":[0,0],"36":[0,0],"37":[0,0],"38":[0,0],"39":[0,0],"40":[0,0],"41":[0,0],"42":[0,0],"43":[0,0,0],"44":[0,0],"45":[0,0],"46":[0,0],"47":[0,0,0],"48":[0,0],"49":[0,0,0],"50":[0,0],"51":[0,0,0],"52":[0,0],"53":[0,0,0,0],"54":[0,0]}}
,"C:\\Users\\beebe\\Downloads\\404_found_us-main\\frontend\\src\\components\\DesiredMarginResults.jsx": {"path":"C:\\Users\\beebe\\Downloads\\404_found_us-main\\frontend\\src\\components\\DesiredMarginResults.jsx","statementMap":{"0":{"start":{"line":5,"column":29},"end":{"line":161,"column":1}},"1":{"start":{"line":6,"column":2},"end":{"line":8,"column":3}},"2":{"start":{"line":7,"column":4},"end":{"line":7,"column":16}},"3":{"start":{"line":10,"column":2},"end":{"line":160,"column":4}}},"fnMap":{"0":{"name":"(anonymous_0)","decl":{"start":{"line":5,"column":29},"end":{"line":5,"column":30}},"loc":{"start":{"line":5,"column":64},"end":{"line":161,"column":1}},"line":5}},"branchMap":{"0":{"loc":{"start":{"line":6,"column":2},"end":{"line":8,"column":3}},"type":"if","locations":[{"start":{"line":6,"column":2},"end":{"line":8,"column":3}},{"start":{},"end":{}}],"line":6},"1":{"loc":{"start":{"line":34,"column":17},"end":{"line":36,"column":94}},"type":"cond-expr","locations":[{"start":{"line":35,"column":20},"end":{"line":35,"column":41}},{"start":{"line":36,"column":20},"end":{"line":36,"column":94}}],"line":34},"2":{"loc":{"start":{"line":34,"column":17},"end":{"line":34,"column":86}},"type":"binary-expr","locations":[{"start":{"line":34,"column":17},"end":{"line":34,"column":47}},{"start":{"line":34,"column":51},"end":{"line":34,"column":86}}],"line":34},"3":{"loc":{"start":{"line":44,"column":17},"end":{"line":46,"column":94}},"type":"cond-expr","locations":[{"start":{"line":45,"column":20},"end":{"line":45,"column":37}},{"start":{"line":46,"column":20},"end":{"line":46,"column":94}}],"line":44},"4":{"loc":{"start":{"line":44,"column":17},"end":{"line":44,"column":78}},"type":"binary-expr","locations":[{"start":{"line":44,"column":17},"end":{"line":44,"column":43}},{"start":{"line":44,"column":47},"end":{"line":44,"column":78}}],"line":44},"5":{"loc":{"start":{"line":54,"column":17},"end":{"line":56,"column":94}},"type":"cond-expr","locations":[{"start":{"line":55,"column":20},"end":{"line":55,"column":43}},{"start":{"line":56,"column":20},"end":{"line":56,"column":94}}],"line":54},"6":{"loc":{"start":{"line":54,"column":17},"end":{"line":54,"column":90}},"type":"binary-expr","locations":[{"start":{"line":54,"column":17},"end":{"line":54,"column":49}},{"start":{"line":54,"column":53},"end":{"line":54,"column":90}}],"line":54},"7":{"loc":{"start":{"line":70,"column":21},"end":{"line":72,"column":78}},"type":"cond-expr","locations":[{"start":{"line":71,"column":24},"end":{"line":71,"column":49}},{"start":{"line":72,"column":24},"end":{"line":72,"column":78}}],"line":70},"8":{"loc":{"start":{"line":70,"column":21},"end":{"line":70,"column":100}},"type":"binary-expr","locations":[{"start":{"line":70,"column":21},"end":{"line":70,"column":56}},{"start":{"line":70,"column":60},"end":{"line":70,"column":100}}],"line":70},"9":{"loc":{"start":{"line":78,"column":21},"end":{"line":80,"column":78}},"type":"cond-expr","locations":[{"start":{"line":79,"column":24},"end":{"line":79,"column":49}},{"start":{"line":80,"column":24},"end":{"line":80,"column":78}}],"line":78},"10":{"loc":{"start":{"line":78,"column":21},"end":{"line":78,"column":100}},"type":"binary-expr","locations":[{"start":{"line":78,"column":21},"end":{"line":78,"column":56}},{"start":{"line":78,"column":60},"end":{"line":78,"column":100}}],"line":78},"11":{"loc":{"start":{"line":94,"column":23},"end":{"line":96,"column":80}},"type":"cond-expr","locations":[{"start":{"line":95,"column":26},"end":{"line":95,"column":45}},{"start":{"line":96,"column":26},"end":{"line":96,"column":80}}],"line":94},"12":{"loc":{"start":{"line":94,"column":23},"end":{"line":94,"column":88}},"type":"binary-expr","locations":[{"start":{"line":94,"column":23},"end":{"line":94,"column":51}},{"start":{"line":94,"column":55},"end":{"line":94,"column":88}}],"line":94},"13":{"loc":{"start":{"line":99,"column":19},"end":{"line":103,"column":19}},"type":"binary-expr","locations":[{"start":{"line":99,"column":19},"end":{"line":99,"column":41}},{"start":{"line":100,"column":20},"end":{"line":102,"column":26}}],"line":99},"14":{"loc":{"start":{"line":110,"column":23},"end":{"line":112,"column":80}},"type":"cond-expr","locations":[{"start":{"line":111,"column":26},"end":{"line":111,"column":48}},{"start":{"line":112,"column":26},"end":{"line":112,"column":80}}],"line":110},"15":{"loc":{"start":{"line":110,"column":23},"end":{"line":110,"column":94}},"type":"binary-expr","locations":[{"start":{"line":110,"column":23},"end":{"line":110,"column":54}},{"start":{"line":110,"column":58},"end":{"line":110,"column":94}}],"line":110},"16":{"loc":{"start":{"line":115,"column":19},"end":{"line":119,"column":19}},"type":"binary-expr","locations":[{"start":{"line":115,"column":19},"end":{"line":115,"column":44}},{"start":{"line":116,"column":20},"end":{"line":118,"column":26}}],"line":115},"17":{"loc":{"start":{"line":125,"column":13},"end":{"line":155,"column":13}},"type":"binary-expr","locations":[{"start":{"line":125,"column":13},"end":{"line":125,"column":31}},{"start":{"line":126,"column":14},"end":{"line":154,"column":20}}],"line":125}},"s":{"0":0,"1":0,"2":0,"3":0},"f":{"0":0},"b":{"0":[0,0],"1":[0,0],"2":[0,0],"3":[0,0],"4":[0,0],"5":[0,0],"6":[0,0],"7":[0,0],"8":[0,0],"9":[0,0],"10":[0,0],"11":[0,0],"12":[0,0],"13":[0,0],"14":[0,0],"15":[0,0],"16":[0,0],"17":[0,0]}}
,"C:\\Users\\beebe\\Downloads\\404_found_us-main\\frontend\\src\\components\\EnhancedMerchantFeeCalculator.jsx": {"path":"C:\\Users\\beebe\\Downloads\\404_found_us-main\\frontend\\src\\components\\EnhancedMerchantFeeCalculator.jsx","statementMap":{"0":{"start":{"line":14,"column":38},"end":{"line":343,"column":1}},"1":{"start":{"line":15,"column":32},"end":{"line":15,"column":46}},"2":{"start":{"line":16,"column":44},"end":{"line":16,"column":59}},"3":{"start":{"line":17,"column":48},"end":{"line":17,"column":60}},"4":{"start":{"line":18,"column":36},"end":{"line":18,"column":54}},"5":{"start":{"line":19,"column":36},"end":{"line":19,"column":51}},"6":{"start":{"line":28,"column":6},"end":{"line":28,"column":15}},"7":{"start":{"line":30,"column":23},"end":{"line":30,"column":44}},"8":{"start":{"line":31,"column":22},"end":{"line":31,"column":42}},"9":{"start":{"line":32,"column":19},"end":{"line":32,"column":31}},"10":{"start":{"line":33,"column":19},"end":{"line":33,"column":36}},"11":{"start":{"line":34,"column":21},"end":{"line":34,"column":40}},"12":{"start":{"line":36,"column":30},"end":{"line":42,"column":3}},"13":{"start":{"line":37,"column":4},"end":{"line":37,"column":29}},"14":{"start":{"line":38,"column":4},"end":{"line":38,"column":27}},"15":{"start":{"line":39,"column":4},"end":{"line":41,"column":5}},"16":{"start":{"line":40,"column":6},"end":{"line":40,"column":27}},"17":{"start":{"line":44,"column":19},"end":{"line":94,"column":3}},"18":{"start":{"line":45,"column":4},"end":{"line":45,"column":23}},"19":{"start":{"line":46,"column":4},"end":{"line":93,"column":5}},"20":{"start":{"line":48,"column":22},"end":{"line":55,"column":7}},"21":{"start":{"line":58,"column":25},"end":{"line":58,"column":76}},"22":{"start":{"line":59,"column":6},"end":{"line":59,"column":29}},"23":{"start":{"line":61,"column":6},"end":{"line":61,"column":49}},"24":{"start":{"line":64,"column":26},"end":{"line":64,"column":96}},"25":{"start":{"line":64,"column":61},"end":{"line":64,"column":92}},"26":{"start":{"line":65,"column":33},"end":{"line":65,"column":102}},"27":{"start":{"line":67,"column":26},"end":{"line":89,"column":7}},"28":{"start":{"line":90,"column":6},"end":{"line":90,"column":30}},"29":{"start":{"line":92,"column":6},"end":{"line":92,"column":26}},"30":{"start":{"line":96,"column":31},"end":{"line":101,"column":3}},"31":{"start":{"line":97,"column":4},"end":{"line":97,"column":21}},"32":{"start":{"line":98,"column":4},"end":{"line":98,"column":28}},"33":{"start":{"line":99,"column":4},"end":{"line":99,"column":27}},"34":{"start":{"line":100,"column":4},"end":{"line":100,"column":12}},"35":{"start":{"line":104,"column":2},"end":{"line":106,"column":3}},"36":{"start":{"line":105,"column":4},"end":{"line":105,"column":117}},"37":{"start":{"line":109,"column":2},"end":{"line":342,"column":4}},"38":{"start":{"line":173,"column":49},"end":{"line":173,"column":69}},"39":{"start":{"line":179,"column":56},"end":{"line":179,"column":81}},"40":{"start":{"line":201,"column":39},"end":{"line":201,"column":62}},"41":{"start":{"line":215,"column":43},"end":{"line":215,"column":65}},"42":{"start":{"line":256,"column":30},"end":{"line":258,"column":31}},"43":{"start":{"line":257,"column":32},"end":{"line":257,"column":74}},"44":{"start":{"line":259,"column":30},"end":{"line":259,"column":42}},"45":{"start":{"line":286,"column":47},"end":{"line":286,"column":122}},"46":{"start":{"line":313,"column":47},"end":{"line":313,"column":145}}},"fnMap":{"0":{"name":"(anonymous_0)","decl":{"start":{"line":14,"column":38},"end":{"line":14,"column":39}},"loc":{"start":{"line":14,"column":63},"end":{"line":343,"column":1}},"line":14},"1":{"name":"(anonymous_1)","decl":{"start":{"line":36,"column":30},"end":{"line":36,"column":31}},"loc":{"start":{"line":36,"column":45},"end":{"line":42,"column":3}},"line":36},"2":{"name":"(anonymous_2)","decl":{"start":{"line":44,"column":19},"end":{"line":44,"column":20}},"loc":{"start":{"line":44,"column":35},"end":{"line":94,"column":3}},"line":44},"3":{"name":"(anonymous_3)","decl":{"start":{"line":64,"column":49},"end":{"line":64,"column":50}},"loc":{"start":{"line":64,"column":61},"end":{"line":64,"column":92}},"line":64},"4":{"name":"(anonymous_4)","decl":{"start":{"line":96,"column":31},"end":{"line":96,"column":32}},"loc":{"start":{"line":96,"column":37},"end":{"line":101,"column":3}},"line":96},"5":{"name":"(anonymous_5)","decl":{"start":{"line":173,"column":40},"end":{"line":173,"column":41}},"loc":{"start":{"line":173,"column":49},"end":{"line":173,"column":69}},"line":173},"6":{"name":"(anonymous_6)","decl":{"start":{"line":179,"column":46},"end":{"line":179,"column":47}},"loc":{"start":{"line":179,"column":56},"end":{"line":179,"column":81}},"line":179},"7":{"name":"(anonymous_7)","decl":{"start":{"line":201,"column":33},"end":{"line":201,"column":34}},"loc":{"start":{"line":201,"column":39},"end":{"line":201,"column":62}},"line":201},"8":{"name":"(anonymous_8)","decl":{"start":{"line":215,"column":32},"end":{"line":215,"column":33}},"loc":{"start":{"line":215,"column":43},"end":{"line":215,"column":65}},"line":215},"9":{"name":"(anonymous_9)","decl":{"start":{"line":255,"column":38},"end":{"line":255,"column":39}},"loc":{"start":{"line":255,"column":49},"end":{"line":260,"column":29}},"line":255},"10":{"name":"(anonymous_10)","decl":{"start":{"line":286,"column":36},"end":{"line":286,"column":37}},"loc":{"start":{"line":286,"column":47},"end":{"line":286,"column":122}},"line":286},"11":{"name":"(anonymous_11)","decl":{"start":{"line":313,"column":36},"end":{"line":313,"column":37}},"loc":{"start":{"line":313,"column":47},"end":{"line":313,"column":145}},"line":313}},"branchMap":{"0":{"loc":{"start":{"line":39,"column":4},"end":{"line":41,"column":5}},"type":"if","locations":[{"start":{"line":39,"column":4},"end":{"line":41,"column":5}},{"start":{},"end":{}}],"line":39},"1":{"loc":{"start":{"line":51,"column":18},"end":{"line":51,"column":66}},"type":"cond-expr","locations":[{"start":{"line":51,"column":34},"end":{"line":51
[...]
mous_6)","decl":{"start":{"line":91,"column":27},"end":{"line":91,"column":28}},"loc":{"start":{"line":91,"column":34},"end":{"line":91,"column":64}},"line":91},"7":{"name":"(anonymous_7)","decl":{"start":{"line":94,"column":48},"end":{"line":94,"column":49}},"loc":{"start":{"line":94,"column":57},"end":{"line":94,"column":79}},"line":94},"8":{"name":"(anonymous_8)","decl":{"start":{"line":117,"column":39},"end":{"line":117,"column":40}},"loc":{"start":{"line":117,"column":46},"end":{"line":117,"column":54}},"line":117},"9":{"name":"(anonymous_9)","decl":{"start":{"line":119,"column":28},"end":{"line":119,"column":29}},"loc":{"start":{"line":119,"column":35},"end":{"line":119,"column":51}},"line":119},"10":{"name":"(anonymous_10)","decl":{"start":{"line":126,"column":20},"end":{"line":126,"column":21}},"loc":{"start":{"line":126,"column":39},"end":{"line":128,"column":5}},"line":126},"11":{"name":"(anonymous_11)","decl":{"start":{"line":131,"column":28},"end":{"line":131,"column":29}},"loc":{"start":{"line":131,"column":37},"end":{"line":139,"column":5}},"line":131},"12":{"name":"(anonymous_12)","decl":{"start":{"line":173,"column":22},"end":{"line":173,"column":23}},"loc":{"start":{"line":173,"column":29},"end":{"line":173,"column":40}},"line":173}},"branchMap":{"0":{"loc":{"start":{"line":12,"column":16},"end":{"line":12,"column":70}},"type":"binary-expr","locations":[{"start":{"line":12,"column":16},"end":{"line":12,"column":40}},{"start":{"line":12,"column":44},"end":{"line":12,"column":70}}],"line":12},"1":{"loc":{"start":{"line":14,"column":4},"end":{"line":17,"column":30}},"type":"binary-expr","locations":[{"start":{"line":14,"column":4},"end":{"line":14,"column":85}},{"start":{"line":15,"column":4},"end":{"line":15,"column":44}},{"start":{"line":16,"column":4},"end":{"line":16,"column":31}},{"start":{"line":17,"column":4},"end":{"line":17,"column":30}}],"line":14},"2":{"loc":{"start":{"line":19,"column":2},"end":{"line":31,"column":3}},"type":"if","locations":[{"start":{"line":19,"column":2},"end":{"line":31,"column":3}},{"start":{},"end":{}}],"line":19},"3":{"loc":{"start":{"line":19,"column":6},"end":{"line":19,"column":24}},"type":"binary-expr","locations":[{"start":{"line":19,"column":6},"end":{"line":19,"column":12}},{"start":{"line":19,"column":16},"end":{"line":19,"column":24}}],"line":19},"4":{"loc":{"start":{"line":36,"column":4},"end":{"line":56,"column":5}},"type":"if","locations":[{"start":{"line":36,"column":4},"end":{"line":56,"column":5}},{"start":{"line":52,"column":11},"end":{"line":56,"column":5}}],"line":36},"5":{"loc":{"start":{"line":44,"column":6},"end":{"line":51,"column":7}},"type":"if","locations":[{"start":{"line":44,"column":6},"end":{"line":51,"column":7}},{"start":{},"end":{}}],"line":44},"6":{"loc":{"start":{"line":48,"column":50},"end":{"line":48,"column":95}},"type":"cond-expr","locations":[{"start":{"line":48,"column":64},"end":{"line":48,"column":90}},{"start":{"line":48,"column":93},"end":{"line":48,"column":95}}],"line":48},"7":{"loc":{"start":{"line":78,"column":2},"end":{"line":84,"column":3}},"type":"if","locations":[{"start":{"line":78,"column":2},"end":{"line":84,"column":3}},{"start":{},"end":{}}],"line":78},"8":{"loc":{"start":{"line":78,"column":6},"end":{"line":78,"column":32}},"type":"binary-expr","locations":[{"start":{"line":78,"column":6},"end":{"line":78,"column":12}},{"start":{"line":78,"column":16},"end":{"line":78,"column":32}}],"line":78},"9":{"loc":{"start":{"line":88,"column":2},"end":{"line":92,"column":3}},"type":"if","locations":[{"start":{"line":88,"column":2},"end":{"line":92,"column":3}},{"start":{"line":90,"column":9},"end":{"line":92,"column":3}}],"line":88},"10":{"loc":{"start":{"line":90,"column":9},"end":{"line":92,"column":3}},"type":"if","locations":[{"start":{"line":90,"column":9},"end":{"line":92,"column":3}},{"start":{},"end":{}}],"line":90},"11":{"loc":{"start":{"line":95,"column":2},"end":{"line":107,"column":3}},"type":"if","locations":[{"start":{"line":95,"column":2},"end":{"line":107,"column":3}},{"start":{},"end":{}}],"line":95},"12":{"loc":{"start":{"line":116,"column":4},"end":{"line":122,"column":5}},"type":"if","locations":[{"start":{"line":116,"column":4},"end":{"line":122,"column":5}},{"start":{"line":118,"column":11},"end":{"line":122,"column":5}}],"line":116},"13":{"loc":{"start":{"line":118,"column":11},"end":{"line":122,"column":5}},"type":"if","locations":[{"start":{"line":118,"column":11},"end":{"line":122,"column":5}},{"start":{"line":120,"column":11},"end":{"line":122,"column":5}}],"line":118},"14":{"loc":{"start":{"line":127,"column":20},"end":{"line":127,"column":39}},"type":"binary-expr","locations":[{"start":{"line":127,"column":20},"end":{"line":127,"column":33}},{"start":{"line":127,"column":37},"end":{"line":127,"column":39}}],"line":127},"15":{"loc":{"start":{"line":132,"column":6},"end":{"line":138,"column":7}},"type":"if","locations":[{"start":{"line":132,"column":6},"end":{"line":138,"column":7}},{"start":{},"end":{}}],"line":132},"16":{"loc":{"start":{"line":132,"column":10},"end":{"line":132,"column":38}},"type":"binary-expr","locations":[{"start":{"line":132,"column":10},"end":{"line":132,"column":19}},{"start":{"line":132,"column":23},"end":{"line":132,"column":38}}],"line":132},"17":{"loc":{"start":{"line":142,"column":4},"end":{"line":152,"column":5}},"type":"if","locations":[{"start":{"line":142,"column":4},"end":{"line":152,"column":5}},{"start":{},"end":{}}],"line":142},"18":{"loc":{"start":{"line":143,"column":6},"end":{"line":151,"column":7}},"type":"if","locations":[{"start":{"line":143,"column":6},"end":{"line":151,"column":7}},{"start":{"line":149,"column":13},"end":{"line":151,"column":7}}],"line":143},"19":{"loc":{"start":{"line":155,"column":4},"end":{"line":161,"column":5}},"type":"if","locations":[{"start":{"line":155,"column":4},"end":{"line":161,"column":5}},{"start":{},"end":{}}],"line":155},"20":{"loc":{"start":{"line":155,"column":8},"end":{"line":155,"column":73}},"type":"binary-expr","locations":[{"start":{"line":155,"column":8},"end":{"line":155,"column":31}},{"start":{"line":155,"column":35},"end":{"line":155,"column":73}}],"line":155},"21":{"loc":{"start":{"line":164,"column":4},"end":{"line":170,"column":5}},"type":"if","locations":[{"start":{"line":164,"column":4},"end":{"line":170,"column":5}},{"start":{},"end":{}}],"line":164},"22":{"loc":{"start":{"line":164,"column":8},"end":{"line":164,"column":55}},"type":"binary-expr","locations":[{"start":{"line":164,"column":8},"end":{"line":164,"column":21}},{"start":{"line":164,"column":25},"end":{"line":164,"column":55}}],"line":164},"23":{"loc":{"start":{"line":173,"column":4},"end":{"line":175,"column":5}},"type":"if","locations":[{"start":{"line":173,"column":4},"end":{"line":175,"column":5}},{"start":{},"end":{}}],"line":173}},"s":{"0":2,"1":0,"2":0,"3":0,"4":0,"5":0,"6":0,"7":0,"8":0,"9":0,"10":0,"11":0,"12":0,"13":0,"14":0,"15":0,"16":0,"17":0,"18":0,"19":0,"20":0,"21":0,"22":0,"23":0,"24":2,"25":20,"26":1,"27":19,"28":19,"29":18,"30":104,"31":1,"32":1,"33":6,"34":19,"35":114,"36":19,"37":2,"38":17,"39":17,"40":17,"41":17,"42":17,"43":27,"44":26,"45":151,"46":1,"47":1,"48":6,"49":0,"50":27,"51":27,"52":162,"53":27,"54":162,"55":8,"56":27,"57":26,"58":1,"59":25,"60":27,"61":2,"62":27,"63":4,"64":27,"65":24,"66":17,"67":17},"f":{"0":0,"1":0,"2":0,"3":0,"4":20,"5":104,"6":6,"7":114,"8":151,"9":6,"10":162,"11":162,"12":24},"b":{"0":[0,0],"1":[0,0,0,0],"2":[0,0],"3":[0,0],"4":[0,0],"5":[0,0],"6":[0,0],"7":[1,19],"8":[20,20],"9":[18,1],"10":[1,0],"11":[2,17],"12":[26,1],"13":[1,0],"14":[162,8],"15":[8,154],"16":[162,154],"17":[26,1],"18":[1,25],"19":[2,25],"20":[27,24],"21":[4,23],"22":[27,26],"23":[17,10]},"_coverageSchema":"1a1c01bbd47fc00a2c39e90264f33305004495a9","hash":"9a4f37ce44ef2e8c403f5ce7cbe5a1027675aef0"}
,"C:\\Users\\beebe\\Downloads\\404_found_us-main\\frontend\\src\\utils\\validators.js": {"path":"C:\\Users\\beebe\\Downloads\\404_found_us-main\\frontend\\src\\utils\\validators.js","statementMap":{"0":{"start":{"line":9,"column":28},"end":{"line":61,"column":1}},"1":{"start":{"line":10,"column":2},"end":{"line":10,"column":29}},"2":{"start":{"line":10,"column":16},"end":{"line":10,"column":29}},"3":{"start":{"line":12,"column":18},"end":{"line":12,"column":32}},"4":{"start":{"line":16,"column":2},"end":{"line":41,"column":3}},"5":{"start":{"line":18,"column":18},"end":{"line":18,"column":36}},"6":{"start":{"line":19,"column":4},"end":{"line":19,"column":29}},"7":{"start":{"line":20,"column":4},"end":{"line":20,"column":31}},"8":{"start":{"line":21,"column":4},"end":{"line":21,"column":30}},"9":{"start":{"line":22,"column":9},"end":{"line":41,"column":3}},"10":{"start":{"line":24,"column":18},"end":{"line":24,"column":36}},"11":{"start":{"line":25,"column":4},"end":{"line":25,"column":30}},"12":{"start":{"line":26,"column":4},"end":{"line":26,"column":31}},"13":{"start":{"line":27,"column":4},"end":{"line":27,"column":29}},"14":{"start":{"line":28,"column":9},"end":{"line":41,"column":3}},"15":{"start":{"line":30,"column":18},"end":{"line":30,"column":36}},"16":{"start":{"line":31,"column":4},"end":{"line":31,"column":29}},"17":{"start":{"line":32,"column":4},"end":{"line":32,"column":31}},"18":{"start":{"line":33,"column":4},"end":{"line":33,"column":30}},"19":{"start":{"line":34,"column":9},"end":{"line":41,"column":3}},"20":{"start":{"line":36,"column":4},"end":{"line":36,"column":44}},"21":{"start":{"line":37,"column":4},"end":{"line":37,"column":46}},"22":{"start":{"line":38,"column":4},"end":{"line":38,"column":45}},"23":{"start":{"line":40,"column":4},"end":{"line":40,"column":17}},"24":{"start":{"line":44,"column":2},"end":{"line":46,"column":3}},"25":{"start":{"line":45,"column":4},"end":{"line":45,"column":17}},"26":{"start":{"line":49,"column":2},"end":{"line":49,"column":46}},"27":{"start":{"line":52,"column":2},"end":{"line":54,"column":3}},"28":{"start":{"line":53,"column":4},"end":{"line":53,"column":17}},"29":{"start":{"line":57,"column":16},"end":{"line":57,"column":26}},"30":{"start":{"line":58,"column":2},"end":{"line":58,"column":34}},"31":{"start":{"line":60,"column":2},"end":{"line":60,"column":29}},"32":{"start":{"line":66,"column":30},"end":{"line":73,"column":1}},"33":{"start":{"line":68,"column":2},"end":{"line":70,"column":3}},"34":{"start":{"line":69,"column":4},"end":{"line":69,"column":17}},"35":{"start":{"line":71,"column":14},"end":{"line":71,"column":32}},"36":{"start":{"line":72,"column":2},"end":{"line":72,"column":49}},"37":{"start":{"line":78,"column":32},"end":{"line":85,"column":1}},"38":{"start":{"line":80,"column":2},"end":{"line":80,"column":31}},"39":{"start":{"line":80,"column":19},"end":{"line":80,"column":31}},"40":{"start":{"line":82,"column":2},"end":{"line":82,"column":74}},"41":{"start":{"line":82,"column":61},"end":{"line":82,"column":74}},"42":{"start":{"line":83,"column":2},"end":{"line":83,"column":75}},"43":{"start":{"line":83,"column":62},"end":{"line":83,"column":75}},"44":{"start":{"line":84,"column":2},"end":{"line":84,"column":14}},"45":{"start":{"line":90,"column":31},"end":{"line":97,"column":1}},"46":{"start":{"line":92,"column":2},"end":{"line":94,"column":3}},"47":{"start":{"line":93,"column":4},"end":{"line":93,"column":17}},"48":{"start":{"line":95,"column":14},"end":{"line":95,"column":31}},"49":{"start":{"line":96,"column":2},"end":{"line":96,"column":38}},"50":{"start":{"line":102,"column":29},"end":{"line":105,"column":1}},"51":{"start":{"line":103,"column":14},"end":{"line":103,"column":31}},"52":{"start":{"line":104,"column":2},"end":{"line":104,"column":49}},"53":{"start":{"line":110,"column":30},"end":{"line":114,"column":2}},"54":{"start":{"line":110,"column":57},"end":{"line":114,"column":1}},"55":{"start":{"line":119,"column":31},"end":{"line":128,"column":1}},"56":{"start":{"line":120,"column":23},"end":{"line":120,"column":25}},"57":{"start":{"line":121,"column":2},"end":{"line":126,"column":5}},"58":{"start":{"line":122,"column":16},"end":{"line":122,"column":46}},"59":{"start":{"line":123,"column":4},"end":{"line":125,"column":5}},"60":{"start":{"line":124,"column":6},"end":{"line":124,"column":32}},"61":{"start":{"line":127,"column":2},"end":{"line":127,"column":37}}},"fnMap":{"0":{"name":"(anonymous_0)","decl":{"start":{"line":9,"column":28},"end":{"line":9,"column":29}},"loc":{"start":{"line":9,"column":41},"end":{"line":61,"column":1}},"line":9},"1":{"name":"(anonymous_1)","decl":{"start":{"line":66,"column":30},"end":{"line":66,"column":31}},"loc":{"start":{"line":66,"column":42},"end":{"line":73,"column":1}},"line":66},"2":{"name":"(anonymous_2)","decl":{"start":{"line":78,"column":32},"end":{"line":78,"column":33}},"loc":{"start":{"line":78,"column":43},"end":{"line":85,"column":1}},"line":78},"3":{"name":"(anonymous_3)","decl":{"start":{"line":90,"column":31},"end":{"line":90,"column":32}},"loc":{"start":{"line":90,"column":42},"end":{"line":97,"column":1}},"line":90},"4":{"name":"(anonymous_4)","decl":{"start":{"line":102,"column":29},"end":{"line":102,"column":30}},"loc":{"start":{"line":102,"column":50},"end":{"line":105,"column":1}},"line":102},"5":{"name":"(anonymous_5)","decl":{"start":{"line":110,"column":30},"end":{"line":110,"column":31}},"loc":{"start":{"line":110,"column":57},"end":{"line":114,"column":1}},"line":110},"6":{"name":"(anonymous_6)","decl":{"start":{"line":119,"column":31},"end":{"line":119,"column":32}},"loc":{"start":{"line":119,"column":43},"end":{"line":128,"column":1}},"line":119},"7":{"name":"(anonymous_7)","decl":{"start":{"line":121,"column":17},"end":{"line":121,"column":18}},"loc":{"start":{"line":121,"column":28},"end":{"line":126,"column":3}},"line":121}},"branchMap":{"0":{"loc":{"start":{"line":10,"column":2},"end":{"line":10,"column":29}},"type":"if","locations":[{"start":{"line":10,"column":2},"end":{"line":10,"column":29}},{"start":{},"end":{}}],"line":10},"1":{"loc":{"start":{"line":16,"column":2},"end":{"line":41,"column":3}},"type":"if","locations":[{"start":{"line":16,"column":2},"end":{"line":41,"column":3}},{"start":{"line":22,"column":9},"end":{"line":41,"column":3}}],"line":16},"2":{"loc":{"start":{"line":22,"column":9},"end":{"line":41,"column":3}},"type":"if","locations":[{"start":{"line":22,"column":9},"end":{"line":41,"column":3}},{"start":{"line":28,"column":9},"end":{"line":41,"column":3}}],"line":22},"3":{"loc":{"start":{"line":28,"column":9},"end":{"line":41,"column":3}},"type":"if","locations":[{"start":{"line":28,"column":9},"end":{"line":41,"column":3}},{"start":{"line":34,"column":9},"end":{"line":41,"column":3}}],"line":28},"4":{"loc":{"start":{"line":34,"column":9},"end":{"line":41,"column":3}},"type":"if","locations":[{"start":{"line":34,"column":9},"end":{"line":41,"column":3}},{"start":{"line":39,"column":9},"end":{"line":41,"column":3}}],"line":34},"5":{"loc":{"start":{"line":44,"column":2},"end":{"line":46,"column":3}},"type":"if","locations":[{"start":{"line":44,"column":2},"end":{"line":46,"column":3}},{"start":{},"end":{}}],"line":44},"6":{"loc":{"start":{"line":44,"column":6},"end":{"line":44,"column":52}},"type":"binary-expr","locations":[{"start":{"line":44,"column":6},"end":{"line":44,"column":15}},{"start":{"line":44,"column":19},"end":{"line":44,"column":29}},{"start":{"line":44,"column":33},"end":{"line":44,"column":40}},{"start":{"line":44,"column":44},"end":{"line":44,"column":52}}],"line":44},"7":{"loc":{"start":{"line":52,"column":2},"end":{"line":54,"column":3}},"type":"if","locations":[{"start":{"line":52,"column":2},"end":{"line":54,"column":3}},{"start":{},"end":{}}],"line":52},"8":{"loc":{"start":{"line":52,"column":6},"end":{"line":52,"column":110}},"type":"binary-expr","locations":[{"start":{"line":52,"column":6},"end":{"line":52,"column":34}},{"start":{"line":52,"column":38},"end":{"line":52,"column":73}},{"start":{"line":52,"column":77},"end":{"line":52,"column":110}}],"line":52},"9":{"loc":{"start":{"line":68,"column":2},"end":{"line":70,"column":3}},"type":"if","locations":[{"start":{"line":68,"column":2},"end":{"line":70,"column":3}},{"start":{},"end":{}}],"line":68},"10":{"loc":{"start":{"line":68,"column":6},"end":{"line":68,"column":74}},"type":"binary-expr","locations":[{"start":{"line":68,"column":6},"end":{"line":68,"column":32}},{"start":{"line":68,"column":36},"end":{"line":68,"column":74}}],"line":68},"11":{"loc":{"start":{"line":72,"column":9},"end":{"line":72,"column":48}},"type":"binary-expr","locations":[{"start":{"line":72,"column":9},"end":{"line":72,"column":20}},{"start":{"line":72,"column":24},"end":{"line":72,"column":37}},{"start":{"line":72,"column":41},"end":{"line":72,"column":48}}],"line":72},"12":{"loc":{"start":{"line":80,"column":2},"end":{"line":80,"column":31}},"type":"if","locations":[{"start":{"line":80,"column":2},"end":{"line":80,"column":31}},{"start":{},"end":{}}],"line":80},"13":{"loc":{"start":{"line":82,"column":2},"end":{"line":82,"column":74}},"type":"if","locations":[{"start":{"line":82,"column":2},"end":{"line":82,"column":74}},{"start":{},"end":{}}],"line":82},"14":{"loc":{"start":{"line":82,"column":6},"end":{"line":82,"column":59}},"type":"binary-expr","locations":[{"start":{"line":82,"column":6},"end":{"line":82,"column":18}},{"start":{"line":82,"column":22},"end":{"line":82,"column":36}},{"start":{"line":82,"column":40},"end":{"line":82,"column":59}}],"line":82},"15":{"loc":{"start":{"line":83,"column":2},"end":{"line":83,"column":75}},"type":"if","locations":[{"start":{"line":83,"column":2},"end":{"line":83,"column":75}},{"start":{},"end":{}}],"line":83},"16":{"loc":{"start":{"line":83,"column":6},"end":{"line":83,"column":60}},"type":"binary-expr","locations":[{"start":{"line":83,"column":6},"end":{"line":83,"column":31}},{"start":{"line":83,"column":35},"end":{"line":83,"column":60}}],"line":83},"17":{"loc":{"start":{"line":92,"column":2},"end":{"line":94,"column":3}},"type":"if","locations":[{"start":{"line":92,"column":2},"end":{"line":94,"column":3}},{"start":{},"end":{}}],"line":92},"18":{"loc":{"start":{"line":92,"column":6},"end":{"line":92,"column":72}},"type":"binary-expr","locations":[{"start":{"line":92,"column":6},"end":{"line":92,"column":31}},{"start":{"line":92,"column":35},"end":{"line":92,"column":72}}],"line":92},"19":{"loc":{"start":{"line":96,"column":9},"end":{"line":96,"column":37}},"type":"binary-expr","locations":[{"start":{"line":96,"column":9},"end":{"line":96,"column":20}},{"start":{"line":96,"column":24},"end":{"line":96,"column":37}}],"line":96},"20":{"loc":{"start":{"line":104,"column":9},"end":{"line":104,"column":48}},"type":"binary-expr","locations":[{"start":{"line":104,"column":9},"end":{"line":104,"column":20}},{"start":{"line":104,"column":24},"end":{"line":104,"column":34}},{"start":{"line":104,"column":38},"end":{"line":104,"column":48}}],"line":104},"21":{"loc":{"start":{"line":123,"column":4},"end":{"line":125,"column":5}},"type":"if","locations":[{"start":{"line":123,"column":4},"end":{"line":125,"column":5}},{"start":{},"end":{}}],"line":123}},"s":{"0":4,"1":60,"2":2,"3":58,"4":58,"5":47,"6":47,"7":47,"8":47,"9":11,"10":3,"11":3,"12":3,"13":3,"14":8,"15":2,"16":2,"17":2,"18":2,"19":6,"20":1,"21":1,"22":1,"23":5,"24":53,"25":3,"26":50,"27":50,"28":1,"29":49,"30":49,"31":49,"32":4,"33":62,"34":6,"35":56,"36":56,"37":4,"38":135,"39":1,"40":134,"41":10,"42":124,"43":1,"44":123,"45":4,"46":13,"47":3,"48":10,"49":10,"50":4,"51":8,"52":8,"53":4,"54":2,"55":4,"56":4,"57":4,"58":7,"59":7,"60":5,"61":4},"f":{"0":60,"1":62,"2":135,"3":13,"4":8,"5":2,"6":4,"7":7},"b":{"0":[2,58],"1":[47,11],"2":[3,8],"3":[2,6],"4":[1,5],"5":[3,50],"6":[53,53,51,51],"7":[1,49],"8":[50,49,49],"9":[6,56],"10":[62,56],"11":[56,55,54],"12":[1,134],"13":[10,124],"14":[134,126,125],"15":[1,123],"16":[124,123],"17":[3,10],"18":[13,7],"19":[10,9],"20":[8,7,6],"21":[5,2]},"_coverageSchema":"1a1c01bbd47fc00a2c39e90264f33305004495a9","hash":"42fa0c077de6eb9f5365097419edf1c983bea25b"}
}
