TN:
SF:src\App.js
FN:7,App
FN:10,(anonymous_1)
FN:14,(anonymous_2)
FNF:3
FNH:0
FNDA:0,App
FNDA:0,(anonymous_1)
FNDA:0,(anonymous_2)
DA:8,0
DA:10,0
DA:11,0
DA:14,0
DA:15,0
DA:19,0
DA:20,0
DA:24,0
LF:8
LH:0
BRDA:19,0,0,0
BRDA:19,0,1,0
BRDA:26,1,0,0
BRDA:26,1,1,0
BRDA:29,2,0,0
BRDA:29,2,1,0
BRF:6
BRH:0
end_of_record
TN:
SF:src\index.js
FNF:0
FNH:0
DA:6,0
DA:7,0
LF:2
LH:0
BRF:0
BRH:0
end_of_record
TN:
SF:src\components\DataUploadValidator.jsx
FN:6,(anonymous_0)
FN:18,(anonymous_1)
FN:37,(anonymous_2)
FN:47,(anonymous_3)
FN:88,(anonymous_4)
FN:93,(anonymous_5)
FN:98,(anonymous_6)
FN:112,(anonymous_7)
FN:114,(anonymous_8)
FN:117,(anonymous_9)
FN:138,(anonymous_10)
FN:140,(anonymous_11)
FN:147,(anonymous_12)
FN:151,(anonymous_13)
FN:190,(anonymous_14)
FN:198,(anonymous_15)
FN:237,(anonymous_16)
FN:238,(anonymous_17)
FN:271,(anonymous_18)
FN:281,(anonymous_19)
FN:288,(anonymous_20)
FN:298,(anonymous_21)
FN:316,(anonymous_22)
FN:380,(anonymous_23)
FN:408,(anonymous_24)
FN:416,(anonymous_25)
FN:418,(anonymous_26)
FN:458,(anonymous_27)
FNF:28
FNH:0
FNDA:0,(anonymous_0)
FNDA:0,(anonymous_1)
FNDA:0,(anonymous_2)
FNDA:0,(anonymous_3)
FNDA:0,(anonymous_4)
FNDA:0,(anonymous_5)
FNDA:0,(anonymous_6)
FNDA:0,(anonymous_7)
FNDA:0,(anonymous_8)
FNDA:0,(anonymous_9)
FNDA:0,(anonymous_10)
FNDA:0,(anonymous_11)
FNDA:0,(anonymous_12)
FNDA:0,(anonymous_13)
FNDA:0,(anonymous_14)
FNDA:0,(anonymous_15)
FNDA:0,(anonymous_16)
FNDA:0,(anonymous_17)
FNDA:0,(anonymous_18)
FNDA:0,(anonymous_19)
FNDA:0,(anonymous_20)
FNDA:0,(anonymous_21)
FNDA:0,(anonymous_22)
FNDA:0,(anonymous_23)
FNDA:0,(anonymous_24)
FNDA:0,(anonymous_25)
FNDA:0,(anonymous_26)
FNDA:0,(anonymous_27)
DA:6,0
DA:7,0
DA:8,0
DA:9,0
DA:10,0
DA:11,0
DA:12,0
DA:13,0
DA:14,0
DA:16,0
DA:18,0
DA:19,0
DA:20,0
DA:22,0
DA:23,0
DA:24,0
DA:26,0
DA:27,0
DA:28,0
DA:30,0
DA:31,0
DA:32,0
DA:34,0
DA:37,0
DA:38,0
DA:39,0
DA:40,0
DA:41,0
DA:42,0
DA:43,0
DA:47,0
DA:48,0
DA:50,0
DA:54,0
DA:56,0
DA:57,0
DA:58,0
DA:60,0
DA:61,0
DA:62,0
DA:64,0
DA:65,0
DA:66,0
DA:68,0
DA:69,0
DA:70,0
DA:71,0
DA:73,0
DA:77,0
DA:78,0
DA:82,0
DA:83,0
DA:85,0
DA:88,0
DA:89,0
DA:90,0
DA:93,0
DA:97,0
DA:98,0
DA:99,0
DA:100,0
DA:102,0
DA:105,0
DA:106,0
DA:110,0
DA:111,0
DA:112,0
DA:113,0
DA:114,0
DA:117,0
DA:118,0
DA:119,0
DA:130,0
DA:131,0
DA:132,0
DA:134,0
DA:137,0
DA:138,0
DA:139,0
DA:140,0
DA:142,0
DA:145,0
DA:147,0
DA:148,0
DA:151,0
DA:152,0
DA:153,0
DA:162,0
DA:163,0
DA:164,0
DA:170,0
DA:174,0
DA:175,0
DA:182,0
DA:183,0
DA:190,0
DA:191,0
DA:195,0
DA:198,0
DA:200,0
DA:201,0
DA:206,0
DA:207,0
DA:208,0
DA:209,0
DA:210,0
DA:213,0
DA:214,0
DA:215,0
DA:216,0
DA:218,0
DA:221,0
DA:223,0
DA:224,0
DA:225,0
DA:226,0
DA:230,0
DA:231,0
DA:233,0
DA:234,0
DA:237,0
DA:238,0
DA:239,0
DA:241,0
DA:245,0
DA:248,0
DA:249,0
DA:252,0
DA:254,0
DA:255,0
DA:256,0
DA:257,0
DA:259,0
DA:260,0
DA:261,0
DA:264,0
DA:265,0
DA:267,0
DA:271,0
DA:272,0
DA:273,0
DA:274,0
DA:276,0
DA:277,0
DA:281,0
DA:282,0
DA:283,0
DA:284,0
DA:288,0
DA:289,0
DA:290,0
DA:292,0
DA:293,0
DA:298,0
DA:299,0
DA:300,0
DA:301,0
DA:302,0
DA:303,0
DA:304,0
DA:307,0
DA:316,0
DA:381,0
DA:382,0
DA:409,0
DA:417,0
DA:419,0
DA:459,0
LF:168
LH:0
BRDA:40,0,0,0
BRDA:40,0,1,0
BRDA:40,1,0,0
BRDA:40,1,1,0
BRDA:42,2,0,0
BRDA:42,2,1,0
BRDA:48,3,0,0
BRDA:48,3,1,0
BRDA:54,4,0,0
BRDA:54,4,1,0
BRDA:58,5,0,0
BRDA:58,5,1,0
BRDA:62,6,0,0
BRDA:62,6,1,0
BRDA:66,7,0,0
BRDA:66,7,1,0
BRDA:77,8,0,0
BRDA:77,8,1,0
BRDA:77,9,0,0
BRDA:77,9,1,0
BRDA:90,10,0,0
BRDA:90,10,1,0
BRDA:90,10,2,0
BRDA:97,11,0,0
BRDA:97,11,1,0
BRDA:99,12,0,0
BRDA:99,12,1,0
BRDA:105,13,0,0
BRDA:105,13,1,0
BRDA:111,14,0,0
BRDA:111,14,1,0
BRDA:113,15,0,0
BRDA:113,15,1,0
BRDA:118,16,0,0
BRDA:118,16,1,0
BRDA:137,17,0,0
BRDA:137,17,1,0
BRDA:139,18,0,0
BRDA:139,18,1,0
BRDA:148,19,0,0
BRDA:148,19,1,0
BRDA:152,20,0,0
BRDA:152,20,1,0
BRDA:152,21,0,0
BRDA:152,21,1,0
BRDA:162,22,0,0
BRDA:162,22,1,0
BRDA:163,23,0,0
BRDA:163,23,1,0
BRDA:174,24,0,0
BRDA:174,24,1,0
BRDA:174,25,0,0
BRDA:174,25,1,0
BRDA:182,26,0,0
BRDA:182,26,1,0
BRDA:182,27,0,0
BRDA:182,27,1,0
BRDA:190,28,0,0
BRDA:190,28,1,0
BRDA:200,29,0,0
BRDA:200,29,1,0
BRDA:201,30,0,0
BRDA:201,30,1,0
BRDA:201,30,2,0
BRDA:201,30,3,0
BRDA:206,31,0,0
BRDA:206,31,1,0
BRDA:206,32,0,0
BRDA:206,32,1,0
BRDA:221,33,0,0
BRDA:221,33,1,0
BRDA:231,34,0,0
BRDA:231,34,1,0
BRDA:239,35,0,0
BRDA:239,35,1,0
BRDA:252,36,0,0
BRDA:252,36,1,0
BRDA:276,37,0,0
BRDA:276,37,1,0
BRDA:276,38,0,0
BRDA:276,38,1,0
BRDA:283,39,0,0
BRDA:283,39,1,0
BRDA:283,40,0,0
BRDA:283,40,1,0
BRDA:289,41,0,0
BRDA:289,41,1,0
BRDA:292,42,0,0
BRDA:292,42,1,0
BRDA:292,43,0,0
BRDA:292,43,1,0
BRDA:310,44,0,0
BRDA:310,44,1,0
BRDA:322,45,0,0
BRDA:322,45,1,0
BRDA:326,46,0,0
BRDA:326,46,1,0
BRDA:342,47,0,0
BRDA:342,47,1,0
BRDA:347,48,0,0
BRDA:347,48,1,0
BRDA:347,49,0,0
BRDA:347,49,1,0
BRDA:361,50,0,0
BRDA:361,50,1,0
BRDA:361,51,0,0
BRDA:361,51,1,0
BRDA:417,52,0,0
BRDA:417,52,1,0
BRDA:420,53,0,0
BRDA:420,53,1,0
BRDA:452,54,0,0
BRDA:452,54,1,0
BRF:113
BRH:0
end_of_record
TN:
SF:src\components\DesiredMarginCalculator.jsx
FN:97,(anonymous_0)
FN:128,(anonymous_1)
FN:147,(anonymous_2)
FN:157,(anonymous_3)
FN:181,(anonymous_4)
FN:236,(anonymous_5)
FN:239,(anonymous_6)
FN:242,(anonymous_7)
FN:250,(anonymous_8)
FN:252,(anonymous_9)
FN:259,(anonymous_10)
FN:260,(anonymous_11)
FN:289,(anonymous_12)
FN:311,(anonymous_13)
FN:314,(anonymous_14)
FN:330,(anonymous_15)
FN:332,(anonymous_16)
FN:339,(anonymous_17)
FN:368,(anonymous_18)
FN:390,(anonymous_19)
FN:411,(anonymous_20)
FN:513,(anonymous_21)
FN:553,(anonymous_22)
FN:579,(anonymous_23)
FN:599,(anonymous_24)
FNF:25
FNH:0
FNDA:0,(anonymous_0)
FNDA:0,(anonymous_1)
FNDA:0,(anonymous_2)
FNDA:0,(anonymous_3)
FNDA:0,(anonymous_4)
FNDA:0,(anonymous_5)
FNDA:0,(anonymous_6)
FNDA:0,(anonymous_7)
FNDA:0,(anonymous_8)
FNDA:0,(anonymous_9)
FNDA:0,(anonymous_10)
FNDA:0,(anonymous_11)
FNDA:0,(anonymous_12)
FNDA:0,(anonymous_13)
FNDA:0,(anonymous_14)
FNDA:0,(anonymous_15)
FNDA:0,(anonymous_16)
FNDA:0,(anonymous_17)
FNDA:0,(anonymous_18)
FNDA:0,(anonymous_19)
FNDA:0,(anonymous_20)
FNDA:0,(anonymous_21)
FNDA:0,(anonymous_22)
FNDA:0,(anonymous_23)
FNDA:0,(anonymous_24)
DA:97,0
DA:98,0
DA:99,0
DA:100,0
DA:101,0
DA:102,0
DA:103,0
DA:104,0
DA:113,0
DA:123,0
DA:124,0
DA:125,0
DA:126,0
DA:128,0
DA:129,0
DA:130,0
DA:132,0
DA:133,0
DA:134,0
DA:136,0
DA:137,0
DA:138,0
DA:140,0
DA:141,0
DA:142,0
DA:144,0
DA:147,0
DA:148,0
DA:149,0
DA:150,0
DA:151,0
DA:152,0
DA:153,0
DA:157,0
DA:158,0
DA:159,0
DA:160,0
DA:162,0
DA:163,0
DA:164,0
DA:165,0
DA:166,0
DA:168,0
DA:170,0
DA:171,0
DA:172,0
DA:173,0
DA:175,0
DA:176,0
DA:181,0
DA:182,0
DA:183,0
DA:185,0
DA:195,0
DA:207,0
DA:208,0
DA:210,0
DA:214,0
DA:229,0
DA:230,0
DA:232,0
DA:236,0
DA:237,0
DA:239,0
DA:240,0
DA:241,0
DA:242,0
DA:244,0
DA:245,0
DA:246,0
DA:250,0
DA:251,0
DA:252,0
DA:254,0
DA:255,0
DA:256,0
DA:259,0
DA:260,0
DA:261,0
DA:269,0
DA:270,0
DA:273,0
DA:274,0
DA:277,0
DA:280,0
DA:281,0
DA:282,0
DA:285,0
DA:286,0
DA:288,0
DA:289,0
DA:290,0
DA:292,0
DA:293,0
DA:295,0
DA:303,0
DA:304,0
DA:308,0
DA:311,0
DA:312,0
DA:314,0
DA:315,0
DA:316,0
DA:317,0
DA:319,0
DA:320,0
DA:322,0
DA:324,0
DA:325,0
DA:326,0
DA:330,0
DA:331,0
DA:332,0
DA:334,0
DA:335,0
DA:336,0
DA:339,0
DA:340,0
DA:348,0
DA:349,0
DA:352,0
DA:353,0
DA:356,0
DA:359,0
DA:360,0
DA:361,0
DA:364,0
DA:365,0
DA:367,0
DA:368,0
DA:369,0
DA:371,0
DA:372,0
DA:374,0
DA:382,0
DA:383,0
DA:387,0
DA:390,0
DA:391,0
DA:392,0
DA:393,0
DA:394,0
DA:395,0
DA:396,0
DA:398,0
DA:400,0
DA:401,0
DA:402,0
DA:403,0
DA:405,0
DA:406,0
DA:411,0
DA:412,0
DA:413,0
DA:414,0
DA:415,0
DA:416,0
DA:420,0
DA:421,0
DA:424,0
DA:513,0
DA:554,0
DA:555,0
DA:557,0
DA:579,0
DA:599,0
LF:166
LH:0
BRDA:150,0,0,0
BRDA:150,0,1,0
BRDA:150,1,0,0
BRDA:150,1,1,0
BRDA:152,2,0,0
BRDA:152,2,1,0
BRDA:162,3,0,0
BRDA:162,3,1,0
BRDA:162,4,0,0
BRDA:162,4,1,0
BRDA:170,5,0,0
BRDA:170,5,1,0
BRDA:172,6,0,0
BRDA:172,6,1,0
BRDA:172,7,0,0
BRDA:172,7,1,0
BRDA:188,8,0,0
BRDA:188,8,1,0
BRDA:189,9,0,0
BRDA:189,9,1,0
BRDA:190,10,0,0
BRDA:190,10,1,0
BRDA:244,11,0,0
BRDA:244,11,1,0
BRDA:254,12,0,0
BRDA:254,12,1,0
BRDA:265,13,0,0
BRDA:265,13,1,0
BRDA:269,14,0,0
BRDA:269,14,1,0
BRDA:269,15,0,0
BRDA:269,15,1,0
BRDA:269,15,2,0
BRDA:269,15,3,0
BRDA:273,16,0,0
BRDA:273,16,1,0
BRDA:273,17,0,0
BRDA:273,17,1,0
BRDA:280,18,0,0
BRDA:280,18,1,0
BRDA:303,19,0,0
BRDA:303,19,1,0
BRDA:324,20,0,0
BRDA:324,20,1,0
BRDA:334,21,0,0
BRDA:334,21,1,0
BRDA:344,22,0,0
BRDA:344,22,1,0
BRDA:348,23,0,0
BRDA:348,23,1,0
BRDA:348,24,0,0
BRDA:348,24,1,0
BRDA:348,24,2,0
BRDA:348,24,3,0
BRDA:352,25,0,0
BRDA:352,25,1,0
BRDA:352,26,0,0
BRDA:352,26,1,0
BRDA:359,27,0,0
BRDA:359,27,1,0
BRDA:382,28,0,0
BRDA:382,28,1,0
BRDA:392,29,0,0
BRDA:392,29,1,0
BRDA:392,30,0,0
BRDA:392,30,1,0
BRDA:400,31,0,0
BRDA:400,31,1,0
BRDA:402,32,0,0
BRDA:402,32,1,0
BRDA:402,33,0,0
BRDA:402,33,1,0
BRDA:420,34,0,0
BRDA:420,34,1,0
BRDA:447,35,0,0
BRDA:447,35,1,0
BRDA:448,36,0,0
BRDA:448,36,1,0
BRDA:464,37,0,0
BRDA:464,37,1,0
BRDA:475,38,0,0
BRDA:475,38,1,0
BRDA:475,39,0,0
BRDA:475,39,1,0
BRDA:512,40,0,0
BRDA:512,40,1,0
BRDA:516,41,0,0
BRDA:516,41,1,0
BRDA:536,42,0,0
BRDA:536,42,1,0
BRDA:540,43,0,0
BRDA:540,43,1,0
BRDA:540,43,2,0
BRDA:543,44,0,0
BRDA:543,44,1,0
BRDA:551,45,0,0
BRDA:551,45,1,0
BRDA:554,46,0,0
BRDA:554,46,1,0
BRDA:554,47,0,0
BRDA:554,47,1,0
BRDA:554,47,2,0
BRDA:563,48,0,0
BRDA:563,48,1,0
BRDA:579,49,0,0
BRDA:579,49,1,0
BRDA:579,49,2,0
BRDA:584,50,0,0
BRDA:584,50,1,0
BRDA:599,51,0,0
BRDA:599,51,1,0
BRDA:599,51,2,0
BRDA:604,52,0,0
BRDA:604,52,1,0
BRDA:610,53,0,0
BRDA:610,53,1,0
BRDA:610,53,2,0
BRDA:610,53,3,0
BRDA:613,54,0,0
BRDA:613,54,1,0
BRF:120
BRH:0
end_of_record
TN:
SF:src\components\DesiredMarginResults.jsx
FN:5,(anonymous_0)
FNF:1
FNH:0
FNDA:0,(anonymous_0)
DA:5,0
DA:6,0
DA:7,0
DA:10,0
LF:4
LH:0
BRDA:6,0,0,0
BRDA:6,0,1,0
BRDA:34,1,0,0
BRDA:34,1,1,0
BRDA:34,2,0,0
BRDA:34,2,1,0
BRDA:44,3,0,0
BRDA:44,3,1,0
BRDA:44,4,0,0
BRDA:44,4,1,0
BRDA:54,5,0,0
BRDA:54,5,1,0
BRDA:54,6,0,0
BRDA:54,6,1,0
BRDA:70,7,0,0
BRDA:70,7,1,0
BRDA:70,8,0,0
BRDA:70,8,1,0
BRDA:78,9,0,0
BRDA:78,9,1,0
BRDA:78,10,0,0
BRDA:78,10,1,0
BRDA:94,11,0,0
BRDA:94,11,1,0
BRDA:94,12,0,0
BRDA:94,12,1,0
BRDA:99,13,0,0
BRDA:99,13,1,0
BRDA:110,14,0,0
BRDA:110,14,1,0
BRDA:110,15,0,0
BRDA:110,15,1,0
BRDA:115,16,0,0
BRDA:115,16,1,0
BRDA:125,17,0,0
BRDA:125,17,1,0
BRF:36
BRH:0
end_of_record
TN:
SF:src\components\EnhancedMerchantFeeCalculator.jsx
FN:14,(anonymous_0)
FN:36,(anonymous_1)
FN:44,(anonymous_2)
FN:64,(anonymous_3)
FN:96,(anonymous_4)
FN:173,(anonymous_5)
FN:179,(anonymous_6)
FN:201,(anonymous_7)
FN:215,(anonymous_8)
FN:255,(anonymous_9)
FN:286,(anonymous_10)
FN:313,(anonymous_11)
FNF:12
FNH:0
FNDA:0,(anonymous_0)
FNDA:0,(anonymous_1)
FNDA:0,(anonymous_2)
FNDA:0,(anonymous_3)
FNDA:0,(anonymous_4)
FNDA:0,(anonymous_5)
FNDA:0,(anonymous_6)
FNDA:0,(anonymous_7)
FNDA:0,(anonymous_8)
FNDA:0,(anonymous_9)
FNDA:0,(anonymous_10)
FNDA:0,(anonymous_11)
DA:14,0
DA:15,0
DA:16,0
DA:17,0
DA:18,0
DA:19,0
DA:28,0
DA:30,0
DA:31,0
DA:32,0
DA:33,0
DA:34,0
DA:36,0
DA:37,0
DA:38,0
DA:39,0
DA:40,0
DA:44,0
DA:45,0
DA:46,0
DA:48,0
DA:58,0
DA:59,0
DA:61,0
DA:64,0
DA:65,0
DA:67,0
DA:90,0
DA:92,0
DA:96,0
DA:97,0
DA:98,0
DA:99,0
DA:100,0
DA:104,0
DA:105,0
DA:109,0
DA:173,0
DA:179,0
DA:201,0
DA:215,0
DA:256,0
DA:257,0
DA:259,0
DA:286,0
DA:313,0
LF:46
LH:0
BRDA:39,0,0,0
BRDA:39,0,1,0
BRDA:51,1,0,0
BRDA:51,1,1,0
BRDA:52,2,0,0
BRDA:52,2,1,0
BRDA:53,3,0,0
BRDA:53,3,1,0
BRDA:64,4,0,0
BRDA:64,4,1,0
BRDA:65,5,0,0
BRDA:65,5,1,0
BRDA:79,6,0,0
BRDA:79,6,1,0
BRDA:104,7,0,0
BRDA:104,7,1,0
BRDA:153,8,0,0
BRDA:153,8,1,0
BRDA:187,9,0,0
BRDA:187,9,1,0
BRDA:237,10,0,0
BRDA:237,10,1,0
BRDA:243,11,0,0
BRDA:243,11,1,0
BRDA:243,11,2,0
BRDA:245,12,0,0
BRDA:245,12,1,0
BRDA:253,13,0,0
BRDA:253,13,1,0
BRDA:256,14,0,0
BRDA:256,14,1,0
BRDA:256,15,0,0
BRDA:256,15,1,0
BRDA:256,15,2,0
BRDA:263,16,0,0
BRDA:263,16,1,0
BRDA:265,17,0,0
BRDA:265,17,1,0
BRDA:269,18,0,0
BRDA:269,18,1,0
BRDA:286,19,0,0
BRDA:286,19,1,0
BRDA:286,19,2,0
BRDA:289,20,0,0
BRDA:289,20,1,0
BRDA:291,21,0,0
BRDA:291,21,1,0
BRDA:295,22,0,0
BRDA:295,22,1,0
BRDA:313,23,0,0
BRDA:313,23,1,0
BRDA:313,23,2,0
BRDA:313,23,3,0
BRDA:316,24,0,0
BRDA:316,24,1,0
BRDA:318,25,0,0
BRDA:318,25,1,0
BRDA:322,26,0,0
BRDA:322,26,1,0
BRDA:333,27,0,0
BRDA:333,27,1,0
BRF:61
BRH:0
end_of_record
TN:
SF:src\components\LandingPage.jsx
FN:4,(anonymous_0)
FN:23,(anonymous_1)
FN:51,(anonymous_2)
FN:66,(anonymous_3)
FN:94,(anonymous_4)
FNF:5
FNH:0
FNDA:0,(anonymous_0)
FNDA:0,(anonymous_1)
FNDA:0,(anonymous_2)
FNDA:0,(anonymous_3)
FNDA:0,(anonymous_4)
DA:4,0
DA:5,0
DA:23,0
DA:52,0
DA:53,0
DA:66,0
DA:95,0
DA:96,0
LF:8
LH:0
BRF:0
BRH:0
end_of_record
TN:
SF:src\components\MCCDropdown.jsx
FN:28,(anonymous_0)
FN:33,(anonymous_1)
FN:37,(anonymous_2)
FN:40,(anonymous_3)
FN:53,(anonymous_4)
FN:71,(anonymous_5)
FN:72,(anonymous_6)
FN:98,(anonymous_7)
FN:101,(anonymous_8)
FN:142,(anonymous_9)
FNF:10
FNH:0
FNDA:0,(anonymous_0)
FNDA:0,(anonymous_1)
FNDA:0,(anonymous_2)
FNDA:0,(anonymous_3)
FNDA:0,(anonymous_4)
FNDA:0,(anonymous_5)
FNDA:0,(anonymous_6)
FNDA:0,(anonymous_7)
FNDA:0,(anonymous_8)
FNDA:0,(anonymous_9)
DA:5,0
DA:28,0
DA:29,0
DA:30,0
DA:31,0
DA:33,0
DA:34,0
DA:37,0
DA:38,0
DA:40,0
DA:41,0
DA:42,0
DA:43,0
DA:44,0
DA:45,0
DA:49,0
DA:53,0
DA:71,0
DA:73,0
DA:74,0
DA:75,0
DA:99,0
DA:102,0
DA:103,0
DA:104,0
DA:105,0
DA:142,0
LF:27
LH:0
BRDA:34,0,0,0
BRDA:34,0,1,0
BRDA:38,1,0,0
BRDA:38,1,1,0
BRDA:41,2,0,0
BRDA:41,2,1,0
BRDA:55,3,0,0
BRDA:55,3,1,0
BRDA:58,4,0,0
BRDA:58,4,1,0
BRDA:59,5,0,0
BRDA:59,5,1,0
BRDA:59,6,0,0
BRDA:59,6,1,0
BRDA:64,7,0,0
BRDA:64,7,1,0
BRDA:73,8,0,0
BRDA:73,8,1,0
BRDA:73,9,0,0
BRDA:73,9,1,0
BRDA:82,10,0,0
BRDA:82,10,1,0
BRDA:87,11,0,0
BRDA:87,11,1,0
BRDA:108,12,0,0
BRDA:108,12,1,0
BRDA:115,13,0,0
BRDA:115,13,1,0
BRDA:118,14,0,0
BRDA:118,14,1,0
BRDA:134,15,0,0
BRDA:134,15,1,0
BRDA:139,16,0,0
BRDA:139,16,1,0
BRF:34
BRH:0
end_of_record
TN:
SF:src\components\ManualTransactionEntry.jsx
FN:6,(anonymous_0)
FN:22,(anonymous_1)
FN:36,(anonymous_2)
FN:38,(anonymous_3)
FN:42,(anonymous_4)
FN:47,(anonymous_5)
FN:53,(anonymous_6)
FN:65,(anonymous_7)
FN:106,(anonymous_8)
FN:111,(anonymous_9)
FN:117,(anonymous_10)
FN:192,(anonymous_11)
FN:209,(anonymous_12)
FN:237,(anonymous_13)
FN:255,(anonymous_14)
FN:302,(anonymous_15)
FN:303,(anonymous_16)
FN:318,(anonymous_17)
FN:321,(anonymous_18)
FN:329,(anonymous_19)
FN:332,(anonymous_20)
FN:340,(anonymous_21)
FN:343,(anonymous_22)
FN:351,(anonymous_23)
FN:354,(anonymous_24)
FN:362,(anonymous_25)
FN:365,(anonymous_26)
FN:380,(anonymous_27)
FN:383,(anonymous_28)
FN:401,(anonymous_29)
FN:435,(anonymous_30)
FN:456,(anonymous_31)
FN:456,(anonymous_32)
FNF:33
FNH:0
FNDA:0,(anonymous_0)
FNDA:0,(anonymous_1)
FNDA:0,(anonymous_2)
FNDA:0,(anonymous_3)
FNDA:0,(anonymous_4)
FNDA:0,(anonymous_5)
FNDA:0,(anonymous_6)
FNDA:0,(anonymous_7)
FNDA:0,(anonymous_8)
FNDA:0,(anonymous_9)
FNDA:0,(anonymous_10)
FNDA:0,(anonymous_11)
FNDA:0,(anonymous_12)
FNDA:0,(anonymous_13)
FNDA:0,(anonymous_14)
FNDA:0,(anonymous_15)
FNDA:0,(anonymous_16)
FNDA:0,(anonymous_17)
FNDA:0,(anonymous_18)
FNDA:0,(anonymous_19)
FNDA:0,(anonymous_20)
FNDA:0,(anonymous_21)
FNDA:0,(anonymous_22)
FNDA:0,(anonymous_23)
FNDA:0,(anonymous_24)
FNDA:0,(anonymous_25)
FNDA:0,(anonymous_26)
FNDA:0,(anonymous_27)
FNDA:0,(anonymous_28)
FNDA:0,(anonymous_29)
FNDA:0,(anonymous_30)
FNDA:0,(anonymous_31)
FNDA:0,(anonymous_32)
DA:6,0
DA:7,0
DA:17,0
DA:18,0
DA:19,0
DA:20,0
DA:22,0
DA:23,0
DA:36,0
DA:37,0
DA:38,0
DA:42,0
DA:43,0
DA:44,0
DA:47,0
DA:48,0
DA:49,0
DA:50,0
DA:53,0
DA:54,0
DA:62,0
DA:65,0
DA:66,0
DA:68,0
DA:72,0
DA:74,0
DA:75,0
DA:76,0
DA:78,0
DA:79,0
DA:80,0
DA:82,0
DA:83,0
DA:84,0
DA:86,0
DA:87,0
DA:88,0
DA:89,0
DA:91,0
DA:95,0
DA:96,0
DA:100,0
DA:101,0
DA:103,0
DA:106,0
DA:107,0
DA:108,0
DA:111,0
DA:112,0
DA:113,0
DA:114,0
DA:115,0
DA:117,0
DA:118,0
DA:121,0
DA:122,0
DA:129,0
DA:130,0
DA:136,0
DA:140,0
DA:141,0
DA:146,0
DA:147,0
DA:154,0
DA:155,0
DA:162,0
DA:163,0
DA:168,0
DA:169,0
DA:176,0
DA:177,0
DA:184,0
DA:185,0
DA:192,0
DA:193,0
DA:197,0
DA:198,0
DA:199,0
DA:200,0
DA:202,0
DA:203,0
DA:204,0
DA:205,0
DA:209,0
DA:210,0
DA:211,0
DA:215,0
DA:216,0
DA:238,0
DA:255,0
DA:272,0
DA:303,0
DA:304,0
DA:306,0
DA:318,0
DA:321,0
DA:329,0
DA:332,0
DA:340,0
DA:343,0
DA:351,0
DA:354,0
DA:362,0
DA:365,0
DA:380,0
DA:383,0
DA:401,0
DA:436,0
DA:456,0
LF:109
LH:0
BRDA:37,0,0,0
BRDA:37,0,1,0
BRDA:66,1,0,0
BRDA:66,1,1,0
BRDA:72,2,0,0
BRDA:72,2,1,0
BRDA:76,3,0,0
BRDA:76,3,1,0
BRDA:80,4,0,0
BRDA:80,4,1,0
BRDA:84,5,0,0
BRDA:84,5,1,0
BRDA:95,6,0,0
BRDA:95,6,1,0
BRDA:95,7,0,0
BRDA:95,7,1,0
BRDA:108,8,0,0
BRDA:108,8,1,0
BRDA:108,8,2,0
BRDA:121,9,0,0
BRDA:121,9,1,0
BRDA:129,10,0,0
BRDA:129,10,1,0
BRDA:140,11,0,0
BRDA:140,11,1,0
BRDA:146,12,0,0
BRDA:146,12,1,0
BRDA:154,13,0,0
BRDA:154,13,1,0
BRDA:162,14,0,0
BRDA:162,14,1,0
BRDA:168,15,0,0
BRDA:168,15,1,0
BRDA:176,16,0,0
BRDA:176,16,1,0
BRDA:184,17,0,0
BRDA:184,17,1,0
BRDA:192,18,0,0
BRDA:192,18,1,0
BRDA:197,19,0,0
BRDA:197,19,1,0
BRDA:210,20,0,0
BRDA:210,20,1,0
BRDA:215,21,0,0
BRDA:215,21,1,0
BRDA:238,22,0,0
BRDA:238,22,1,0
BRDA:275,23,0,0
BRDA:275,23,1,0
BRDA:310,24,0,0
BRDA:310,24,1,0
BRDA:310,25,0,0
BRDA:310,25,1,0
BRDA:321,26,0,0
BRDA:321,26,1,0
BRDA:332,27,0,0
BRDA:332,27,1,0
BRDA:343,28,0,0
BRDA:343,28,1,0
BRDA:354,29,0,0
BRDA:354,29,1,0
BRDA:365,30,0,0
BRDA:365,30,1,0
BRDA:383,31,0,0
BRDA:383,31,1,0
BRDA:431,32,0,0
BRDA:431,32,1,0
BRDA:456,33,0,0
BRDA:456,33,1,0
BRDA:463,34,0,0
BRDA:463,34,1,0
BRF:71
BRH:0
end_of_record
TN:
SF:src\components\ResultsPanel.jsx
FN:5,(anonymous_0)
FN:85,(anonymous_1)
FN:109,(anonymous_2)
FNF:3
FNH:0
FNDA:0,(anonymous_0)
FNDA:0,(anonymous_1)
FNDA:0,(anonymous_2)
DA:5,0
DA:6,0
DA:8,0
DA:9,0
DA:18,0
DA:85,0
DA:110,0
LF:7
LH:0
BRDA:8,0,0,0
BRDA:8,0,1,0
BRDA:22,1,0,0
BRDA:22,1,1,0
BRDA:32,2,0,0
BRDA:32,2,1,0
BRDA:38,3,0,0
BRDA:38,3,1,0
BRDA:47,4,0,0
BRDA:47,4,1,0
BRDA:47,5,0,0
BRDA:47,5,1,0
BRDA:56,6,0,0
BRDA:56,6,1,0
BRDA:56,7,0,0
BRDA:56,7,1,0
BRDA:65,8,0,0
BRDA:65,8,1,0
BRDA:65,9,0,0
BRDA:65,9,1,0
BRDA:77,10,0,0
BRDA:77,10,1,0
BRDA:77,11,0,0
BRDA:77,11,1,0
BRDA:88,12,0,0
BRDA:88,12,1,0
BRDA:92,13,0,0
BRDA:92,13,1,0
BRDA:95,14,0,0
BRDA:95,14,1,0
BRDA:95,15,0,0
BRDA:95,15,1,0
BRDA:128,16,0,0
BRDA:128,16,1,0
BRDA:133,17,0,0
BRDA:133,17,1,0
BRDA:139,18,0,0
BRDA:139,18,1,0
BRDA:139,18,2,0
BRDA:160,19,0,0
BRDA:160,19,1,0
BRDA:160,20,0,0
BRDA:160,20,1,0
BRDA:168,21,0,0
BRDA:168,21,1,0
BRDA:168,22,0,0
BRDA:168,22,1,0
BRDA:176,23,0,0
BRDA:176,23,1,0
BRDA:176,24,0,0
BRDA:176,24,1,0
BRDA:192,25,0,0
BRDA:192,25,1,0
BRDA:198,26,0,0
BRDA:198,26,1,0
BRDA:211,27,0,0
BRDA:211,27,1,0
BRDA:211,28,0,0
BRDA:211,28,1,0
BRDA:219,29,0,0
BRDA:219,29,1,0
BRDA:219,30,0,0
BRDA:219,30,1,0
BRDA:227,31,0,0
BRDA:227,31,1,0
BRDA:227,32,0,0
BRDA:227,32,1,0
BRF:67
BRH:0
end_of_record
TN:
SF:src\components\ui\Button.jsx
FN:4,(anonymous_0)
FNF:1
FNH:0
FNDA:0,(anonymous_0)
DA:4,0
DA:5,0
DA:7,0
DA:14,0
DA:21,0
DA:34,0
LF:6
LH:0
BRDA:4,0,0,0
BRDA:4,1,0,0
BRDA:4,2,0,0
BRDA:5,3,0,0
BRDA:5,3,1,0
BRF:5
BRH:0
end_of_record
TN:
SF:src\components\ui\Card.jsx
FN:4,(anonymous_0)
FN:16,(anonymous_1)
FN:25,(anonymous_2)
FN:37,(anonymous_3)
FN:46,(anonymous_4)
FN:51,(anonymous_5)
FNF:6
FNH:0
FNDA:0,(anonymous_0)
FNDA:0,(anonymous_1)
FNDA:0,(anonymous_2)
FNDA:0,(anonymous_3)
FNDA:0,(anonymous_4)
FNDA:0,(anonymous_5)
DA:4,0
DA:5,0
DA:14,0
DA:16,0
DA:17,0
DA:23,0
DA:25,0
DA:26,0
DA:35,0
DA:37,0
DA:38,0
DA:44,0
DA:46,0
DA:47,0
DA:49,0
DA:51,0
DA:52,0
DA:58,0
LF:18
LH:0
BRF:0
BRH:0
end_of_record
TN:
SF:src\components\ui\Input.jsx
FN:4,(anonymous_0)
FNF:1
FNH:0
FNDA:0,(anonymous_0)
DA:4,0
DA:5,0
DA:17,0
LF:3
LH:0
BRF:0
BRH:0
end_of_record
TN:
SF:src\components\ui\Label.jsx
FN:4,(anonymous_0)
FNF:1
FNH:0
FNDA:0,(anonymous_0)
DA:4,0
DA:5,0
DA:14,0
LF:3
LH:0
BRF:0
BRH:0
end_of_record
TN:
SF:src\components\ui\Tabs.jsx
FN:4,(anonymous_0)
FN:7,(anonymous_1)
FN:14,(anonymous_2)
FN:22,(anonymous_3)
FN:29,(anonymous_4)
FN:35,(anonymous_5)
FN:47,(anonymous_6)
FNF:7
FNH:0
FNDA:0,(anonymous_0)
FNDA:0,(anonymous_1)
FNDA:0,(anonymous_2)
FNDA:0,(anonymous_3)
FNDA:0,(anonymous_4)
FNDA:0,(anonymous_5)
FNDA:0,(anonymous_6)
DA:4,0
DA:5,0
DA:8,0
DA:14,0
DA:15,0
DA:23,0
DA:29,0
DA:30,0
DA:32,0
DA:35,0
DA:47,0
DA:48,0
DA:50,0
LF:13
LH:0
BRDA:38,0,0,0
BRDA:38,0,1,0
BRDA:48,1,0,0
BRDA:48,1,1,0
BRF:4
BRH:0
end_of_record
TN:
SF:src\hooks\useFileValidation.js
FN:8,(anonymous_0)
FN:17,(anonymous_1)
FN:46,(anonymous_2)
FNF:3
FNH:2
FNDA:7,(anonymous_0)
FNDA:1,(anonymous_1)
FNDA:0,(anonymous_2)
DA:8,1
DA:9,7
DA:10,7
DA:11,7
DA:12,7
DA:13,7
DA:14,7
DA:15,7
DA:17,7
DA:18,1
DA:19,1
DA:20,1
DA:21,1
DA:23,1
DA:24,1
DA:26,1
DA:27,0
DA:28,0
DA:29,0
DA:30,0
DA:32,1
DA:33,1
DA:34,1
DA:39,0
DA:40,0
DA:42,1
DA:46,7
DA:47,0
DA:48,0
DA:49,0
DA:50,0
DA:51,0
DA:52,0
DA:55,7
LF:34
LH:22
BRDA:26,0,0,0
BRDA:26,0,1,1
BRDA:39,1,0,0
BRDA:39,1,1,0
BRF:4
BRH:1
end_of_record
TN:
SF:src\hooks\useTransactionValidation.js
FN:17,(anonymous_0)
FN:24,(anonymous_1)
FN:28,(anonymous_2)
FN:30,(anonymous_3)
FN:34,(anonymous_4)
FN:39,(anonymous_5)
FN:45,(anonymous_6)
FN:50,(anonymous_7)
FN:56,(anonymous_8)
FN:136,(anonymous_9)
FNF:10
FNH:10
FNDA:59,(anonymous_0)
FNDA:8,(anonymous_1)
FNDA:2,(anonymous_2)
FNDA:3,(anonymous_3)
FNDA:1,(anonymous_4)
FNDA:124,(anonymous_5)
FNDA:1,(anonymous_6)
FNDA:18,(anonymous_7)
FNDA:21,(anonymous_8)
FNDA:15,(anonymous_9)
DA:8,1
DA:17,1
DA:18,59
DA:19,59
DA:20,59
DA:21,59
DA:22,59
DA:24,59
DA:25,8
DA:28,59
DA:29,2
DA:30,3
DA:34,59
DA:35,1
DA:36,1
DA:39,59
DA:40,124
DA:41,124
DA:42,124
DA:45,59
DA:46,1
DA:47,1
DA:50,59
DA:51,18
DA:52,18
DA:53,18
DA:54,18
DA:56,18
DA:57,21
DA:60,21
DA:61,1
DA:67,20
DA:68,1
DA:74,19
DA:79,21
DA:80,2
DA:85,19
DA:86,2
DA:94,21
DA:95,1
DA:103,21
DA:104,1
DA:109,20
DA:110,4
DA:118,21
DA:119,1
DA:127,21
DA:128,1
DA:136,21
DA:137,7
DA:141,18
DA:142,13
DA:143,13
DA:145,5
DA:146,5
DA:147,5
DA:150,18
DA:153,59
LF:58
LH:58
BRDA:29,0,0,1
BRDA:29,0,1,1
BRDA:60,1,0,1
BRDA:60,1,1,20
BRDA:67,2,0,1
BRDA:67,2,1,19
BRDA:79,3,0,2
BRDA:79,3,1,19
BRDA:85,4,0,2
BRDA:85,4,1,17
BRDA:94,5,0,1
BRDA:94,5,1,20
BRDA:103,6,0,1
BRDA:103,6,1,20
BRDA:109,7,0,4
BRDA:109,7,1,16
BRDA:118,8,0,1
BRDA:118,8,1,20
BRDA:127,9,0,1
BRDA:127,9,1,20
BRDA:136,10,0,7
BRDA:136,10,1,14
BRDA:141,11,0,13
BRDA:141,11,1,5
BRF:24
BRH:24
end_of_record
TN:
SF:src\lib\utils.js
FN:4,cn
FNF:1
FNH:0
FNDA:0,cn
DA:5,0
LF:1
LH:0
BRF:0
BRH:0
end_of_record
TN:
SF:src\services\api.js
FN:14,(anonymous_0)
FN:15,(anonymous_1)
FN:30,(anonymous_2)
FN:46,(anonymous_3)
FN:67,(anonymous_4)
FN:78,(anonymous_5)
FN:91,(anonymous_6)
FN:109,(anonymous_7)
FN:124,(anonymous_8)
FN:145,(anonymous_9)
FN:158,(anonymous_10)
FN:169,(anonymous_11)
FNF:12
FNH:0
FNDA:0,(anonymous_0)
FNDA:0,(anonymous_1)
FNDA:0,(anonymous_2)
FNDA:0,(anonymous_3)
FNDA:0,(anonymous_4)
FNDA:0,(anonymous_5)
FNDA:0,(anonymous_6)
FNDA:0,(anonymous_7)
FNDA:0,(anonymous_8)
FNDA:0,(anonymous_9)
FNDA:0,(anonymous_10)
FNDA:0,(anonymous_11)
DA:3,0
DA:5,0
DA:13,0
DA:14,0
DA:16,0
DA:17,0
DA:18,0
DA:19,0
DA:21,0
DA:23,0
DA:28,0
DA:31,0
DA:32,0
DA:38,0
DA:40,0
DA:41,0
DA:47,0
DA:48,0
DA:49,0
DA:50,0
DA:51,0
DA:54,0
DA:59,0
DA:61,0
DA:62,0
DA:68,0
DA:69,0
DA:70,0
DA:72,0
DA:73,0
DA:79,0
DA:80,0
DA:83,0
DA:85,0
DA:86,0
DA:92,0
DA:93,0
DA:94,0
DA:95,0
DA:97,0
DA:98,0
DA:100,0
DA:101,0
DA:107,0
DA:110,0
DA:111,0
DA:116,0
DA:118,0
DA:119,0
DA:125,0
DA:126,0
DA:127,0
DA:129,0
DA:134,0
DA:136,0
DA:137,0
DA:143,0
DA:146,0
DA:147,0
DA:150,0
DA:152,0
DA:153,0
DA:159,0
DA:160,0
DA:161,0
DA:163,0
DA:164,0
DA:170,0
DA:171,0
DA:172,0
DA:174,0
DA:175,0
LF:72
LH:0
BRDA:3,0,0,0
BRDA:3,0,1,0
BRDA:16,1,0,0
BRDA:16,1,1,0
BRDA:18,2,0,0
BRDA:18,2,1,0
BRDA:30,3,0,0
BRDA:46,4,0,0
BRDA:50,5,0,0
BRDA:50,5,1,0
BRDA:91,6,0,0
BRDA:91,7,0,0
BRDA:91,8,0,0
BRDA:94,9,0,0
BRDA:94,9,1,0
BRDA:109,10,0,0
BRDA:145,11,0,0
BRDA:145,12,0,0
BRF:18
BRH:0
end_of_record
TN:
SF:src\utils\fileParser.js
FN:11,(anonymous_0)
FN:47,(anonymous_1)
FN:48,(anonymous_2)
FN:55,(anonymous_3)
FN:77,(anonymous_4)
FN:89,(anonymous_5)
FN:91,(anonymous_6)
FN:94,(anonymous_7)
FN:117,(anonymous_8)
FN:119,(anonymous_9)
FN:126,(anonymous_10)
FN:131,(anonymous_11)
FN:218,(anonymous_12)
FNF:13
FNH:10
FNDA:1,(anonymous_0)
FNDA:0,(anonymous_1)
FNDA:0,(anonymous_2)
FNDA:0,(anonymous_3)
FNDA:21,(anonymous_4)
FNDA:127,(anonymous_5)
FNDA:7,(anonymous_6)
FNDA:140,(anonymous_7)
FNDA:176,(anonymous_8)
FNDA:7,(anonymous_9)
FNDA:189,(anonymous_10)
FNDA:189,(anonymous_11)
FNDA:31,(anonymous_12)
DA:11,2
DA:12,1
DA:14,1
DA:19,1
DA:20,1
DA:33,0
DA:36,0
DA:37,0
DA:38,0
DA:39,0
DA:40,0
DA:43,0
DA:44,0
DA:45,0
DA:46,0
DA:47,0
DA:48,0
DA:49,0
DA:54,0
DA:55,0
DA:58,0
DA:60,0
DA:77,2
DA:78,21
DA:79,1
DA:87,20
DA:88,20
DA:89,127
DA:90,1
DA:91,7
DA:94,140
DA:95,20
DA:96,2
DA:109,18
DA:110,18
DA:111,18
DA:113,18
DA:116,27
DA:117,176
DA:118,1
DA:119,7
DA:121,0
DA:124,27
DA:126,27
DA:127,189
DA:131,27
DA:132,189
DA:133,9
DA:142,27
DA:143,26
DA:144,1
DA:150,25
DA:155,27
DA:156,2
DA:164,27
DA:165,4
DA:173,27
DA:174,1
DA:182,27
DA:183,1
DA:191,27
DA:192,1
DA:200,27
DA:201,1
DA:209,27
DA:210,1
DA:218,31
DA:219,16
DA:223,18
LF:69
LH:51
BRDA:12,0,0,1
BRDA:12,0,1,1
BRDA:14,1,0,1
BRDA:14,1,1,1
BRDA:14,1,2,1
BRDA:14,1,3,1
BRDA:19,2,0,1
BRDA:19,2,1,0
BRDA:19,3,0,1
BRDA:19,3,1,1
BRDA:36,4,0,0
BRDA:36,4,1,0
BRDA:44,5,0,0
BRDA:44,5,1,0
BRDA:48,6,0,0
BRDA:48,6,1,0
BRDA:78,7,0,1
BRDA:78,7,1,20
BRDA:78,8,0,21
BRDA:78,8,1,21
BRDA:88,9,0,19
BRDA:88,9,1,1
BRDA:90,10,0,1
BRDA:90,10,1,0
BRDA:95,11,0,2
BRDA:95,11,1,18
BRDA:116,12,0,26
BRDA:116,12,1,1
BRDA:118,13,0,1
BRDA:118,13,1,0
BRDA:127,14,0,189
BRDA:127,14,1,9
BRDA:132,15,0,9
BRDA:132,15,1,180
BRDA:132,16,0,189
BRDA:132,16,1,180
BRDA:142,17,0,26
BRDA:142,17,1,1
BRDA:143,18,0,1
BRDA:143,18,1,25
BRDA:155,19,0,2
BRDA:155,19,1,25
BRDA:155,20,0,27
BRDA:155,20,1,24
BRDA:164,21,0,4
BRDA:164,21,1,23
BRDA:164,22,0,27
BRDA:164,22,1,26
BRDA:173,23,0,1
BRDA:173,23,1,26
BRDA:173,24,0,27
BRDA:173,24,1,26
BRDA:182,25,0,1
BRDA:182,25,1,26
BRDA:182,26,0,27
BRDA:182,26,1,26
BRDA:191,27,0,1
BRDA:191,27,1,26
BRDA:191,28,0,27
BRDA:191,28,1,26
BRDA:200,29,0,1
BRDA:200,29,1,26
BRDA:200,30,0,27
BRDA:200,30,1,26
BRDA:209,31,0,1
BRDA:209,31,1,26
BRDA:209,32,0,27
BRDA:209,32,1,26
BRDA:218,33,0,16
BRDA:218,33,1,11
BRF:70
BRH:61
end_of_record
TN:
SF:src\utils\validators.js
FN:9,(anonymous_0)
FN:66,(anonymous_1)
FN:78,(anonymous_2)
FN:90,(anonymous_3)
FN:102,(anonymous_4)
FN:110,(anonymous_5)
FN:119,(anonymous_6)
FN:121,(anonymous_7)
FNF:8
FNH:8
FNDA:60,(anonymous_0)
FNDA:62,(anonymous_1)
FNDA:135,(anonymous_2)
FNDA:13,(anonymous_3)
FNDA:8,(anonymous_4)
FNDA:2,(anonymous_5)
FNDA:4,(anonymous_6)
FNDA:7,(anonymous_7)
DA:9,4
DA:10,60
DA:12,58
DA:16,58
DA:18,47
DA:19,47
DA:20,47
DA:21,47
DA:22,11
DA:24,3
DA:25,3
DA:26,3
DA:27,3
DA:28,8
DA:30,2
DA:31,2
DA:32,2
DA:33,2
DA:34,6
DA:36,1
DA:37,1
DA:38,1
DA:40,5
DA:44,53
DA:45,3
DA:49,50
DA:52,50
DA:53,1
DA:57,49
DA:58,49
DA:60,49
DA:66,4
DA:68,62
DA:69,6
DA:71,56
DA:72,56
DA:78,4
DA:80,135
DA:82,134
DA:83,124
DA:84,123
DA:90,4
DA:92,13
DA:93,3
DA:95,10
DA:96,10
DA:102,4
DA:103,8
DA:104,8
DA:110,4
DA:119,4
DA:120,4
DA:121,4
DA:122,7
DA:123,7
DA:124,5
DA:127,4
LF:57
LH:57
BRDA:10,0,0,2
BRDA:10,0,1,58
BRDA:16,1,0,47
BRDA:16,1,1,11
BRDA:22,2,0,3
BRDA:22,2,1,8
BRDA:28,3,0,2
BRDA:28,3,1,6
BRDA:34,4,0,1
BRDA:34,4,1,5
BRDA:44,5,0,3
BRDA:44,5,1,50
BRDA:44,6,0,53
BRDA:44,6,1,53
BRDA:44,6,2,51
BRDA:44,6,3,51
BRDA:52,7,0,1
BRDA:52,7,1,49
BRDA:52,8,0,50
BRDA:52,8,1,49
BRDA:52,8,2,49
BRDA:68,9,0,6
BRDA:68,9,1,56
BRDA:68,10,0,62
BRDA:68,10,1,56
BRDA:72,11,0,56
BRDA:72,11,1,55
BRDA:72,11,2,54
BRDA:80,12,0,1
BRDA:80,12,1,134
BRDA:82,13,0,10
BRDA:82,13,1,124
BRDA:82,14,0,134
BRDA:82,14,1,126
BRDA:82,14,2,125
BRDA:83,15,0,1
BRDA:83,15,1,123
BRDA:83,16,0,124
BRDA:83,16,1,123
BRDA:92,17,0,3
BRDA:92,17,1,10
BRDA:92,18,0,13
BRDA:92,18,1,7
BRDA:96,19,0,10
BRDA:96,19,1,9
BRDA:104,20,0,8
BRDA:104,20,1,7
BRDA:104,20,2,6
BRDA:123,21,0,5
BRDA:123,21,1,2
BRF:50
BRH:50
end_of_record
